<?xml version="1.0" encoding="UTF-8"?>
<testsuite xmlns:xsi="http://www.w3.org/2001/XMLSchema-instance" xsi:noNamespaceSchemaLocation="https://maven.apache.org/surefire/maven-surefire-plugin/xsd/surefire-test-report-3.0.xsd" version="3.0" name="runners.CucumberTestRunner" time="0.045" tests="1" errors="0" skipped="0" failures="0">
  <properties>
    <property name="java.specification.version" value="17"/>
    <property name="sun.jnu.encoding" value="UTF-8"/>
    <property name="java.class.path" value="/Users/rizkafebrila/Workspace/api_rest_assured/target/test-classes:/Users/rizkafebrila/Workspace/api_rest_assured/target/classes:/Users/rizkafebrila/.m2/repository/io/cucumber/cucumber-java/7.11.1/cucumber-java-7.11.1.jar:/Users/rizkafebrila/.m2/repository/io/cucumber/cucumber-core/7.11.1/cucumber-core-7.11.1.jar:/Users/rizkafebrila/.m2/repository/io/cucumber/cucumber-gherkin/7.11.1/cucumber-gherkin-7.11.1.jar:/Users/rizkafebrila/.m2/repository/io/cucumber/cucumber-gherkin-messages/7.11.1/cucumber-gherkin-messages-7.11.1.jar:/Users/rizkafebrila/.m2/repository/io/cucumber/gherkin/26.0.3/gherkin-26.0.3.jar:/Users/rizkafebrila/.m2/repository/io/cucumber/messages/21.0.1/messages-21.0.1.jar:/Users/rizkafebrila/.m2/repository/io/cucumber/tag-expressions/5.0.1/tag-expressions-5.0.1.jar:/Users/rizkafebrila/.m2/repository/io/cucumber/cucumber-expressions/16.1.2/cucumber-expressions-16.1.2.jar:/Users/rizkafebrila/.m2/repository/io/cucumber/datatable/7.11.1/datatable-7.11.1.jar:/Users/rizkafebrila/.m2/repository/io/cucumber/cucumber-plugin/7.11.1/cucumber-plugin-7.11.1.jar:/Users/rizkafebrila/.m2/repository/io/cucumber/docstring/7.11.1/docstring-7.11.1.jar:/Users/rizkafebrila/.m2/repository/io/cucumber/html-formatter/20.2.1/html-formatter-20.2.1.jar:/Users/rizkafebrila/.m2/repository/io/cucumber/junit-xml-formatter/0.1.0/junit-xml-formatter-0.1.0.jar:/Users/rizkafebrila/.m2/repository/io/cucumber/ci-environment/9.1.0/ci-environment-9.1.0.jar:/Users/rizkafebrila/.m2/repository/org/apiguardian/apiguardian-api/1.1.2/apiguardian-api-1.1.2.jar:/Users/rizkafebrila/.m2/repository/io/cucumber/cucumber-junit/7.11.1/cucumber-junit-7.11.1.jar:/Users/rizkafebrila/.m2/repository/junit/junit/4.13.2/junit-4.13.2.jar:/Users/rizkafebrila/.m2/repository/org/hamcrest/hamcrest-core/1.3/hamcrest-core-1.3.jar:/Users/rizkafebrila/.m2/repository/org/junit/jupiter/junit-jupiter-api/5.8.1/junit-jupiter-api-5.8.1.jar:/Users/rizkafebrila/.m2/repository/org/opentest4j/opentest4j/1.2.0/opentest4j-1.2.0.jar:/Users/rizkafebrila/.m2/repository/org/junit/platform/junit-platform-commons/1.8.1/junit-platform-commons-1.8.1.jar:/Users/rizkafebrila/.m2/repository/org/junit/jupiter/junit-jupiter-engine/5.8.1/junit-jupiter-engine-5.8.1.jar:/Users/rizkafebrila/.m2/repository/org/junit/platform/junit-platform-engine/1.8.1/junit-platform-engine-1.8.1.jar:/Users/rizkafebrila/.m2/repository/io/rest-assured/rest-assured/5.3.0/rest-assured-5.3.0.jar:/Users/rizkafebrila/.m2/repository/org/apache/groovy/groovy/4.0.6/groovy-4.0.6.jar:/Users/rizkafebrila/.m2/repository/org/apache/groovy/groovy-xml/4.0.6/groovy-xml-4.0.6.jar:/Users/rizkafebrila/.m2/repository/org/apache/httpcomponents/httpclient/4.5.13/httpclient-4.5.13.jar:/Users/rizkafebrila/.m2/repository/org/apache/httpcomponents/httpcore/4.4.13/httpcore-4.4.13.jar:/Users/rizkafebrila/.m2/repository/commons-logging/commons-logging/1.2/commons-logging-1.2.jar:/Users/rizkafebrila/.m2/repository/commons-codec/commons-codec/1.11/commons-codec-1.11.jar:/Users/rizkafebrila/.m2/repository/org/apache/httpcomponents/httpmime/4.5.13/httpmime-4.5.13.jar:/Users/rizkafebrila/.m2/repository/org/hamcrest/hamcrest/2.1/hamcrest-2.1.jar:/Users/rizkafebrila/.m2/repository/org/ccil/cowan/tagsoup/tagsoup/1.2.1/tagsoup-1.2.1.jar:/Users/rizkafebrila/.m2/repository/io/rest-assured/json-path/5.3.0/json-path-5.3.0.jar:/Users/rizkafebrila/.m2/repository/org/apache/groovy/groovy-json/4.0.6/groovy-json-4.0.6.jar:/Users/rizkafebrila/.m2/repository/io/rest-assured/rest-assured-common/5.3.0/rest-assured-common-5.3.0.jar:/Users/rizkafebrila/.m2/repository/io/rest-assured/xml-path/5.3.0/xml-path-5.3.0.jar:/Users/rizkafebrila/.m2/repository/org/apache/commons/commons-lang3/3.11/commons-lang3-3.11.jar:/Users/rizkafebrila/.m2/repository/org/slf4j/slf4j-api/1.7.36/slf4j-api-1.7.36.jar:"/>
    <property name="java.vm.vendor" value="Eclipse Adoptium"/>
    <property name="sun.arch.data.model" value="64"/>
    <property name="java.vendor.url" value="https://adoptium.net/"/>
    <property name="os.name" value="Mac OS X"/>
    <property name="java.vm.specification.version" value="17"/>
    <property name="sun.java.launcher" value="SUN_STANDARD"/>
    <property name="user.country" value="ID"/>
    <property name="sun.boot.library.path" value="/Users/rizkafebrila/.sdkman/candidates/java/17.0.4-tem/lib"/>
    <property name="sun.java.command" value="/Users/rizkafebrila/Workspace/api_rest_assured/target/surefire/surefirebooter-20250207112219517_3.jar /Users/rizkafebrila/Workspace/api_rest_assured/target/surefire 2025-02-07T11-22-19_271-jvmRun1 surefire-20250207112219517_1tmp surefire_0-20250207112219517_2tmp"/>
    <property name="http.nonProxyHosts" value="local|*.local|169.254/16|*.169.254/16"/>
    <property name="jdk.debug" value="release"/>
    <property name="surefire.test.class.path" value="/Users/rizkafebrila/Workspace/api_rest_assured/target/test-classes:/Users/rizkafebrila/Workspace/api_rest_assured/target/classes:/Users/rizkafebrila/.m2/repository/io/cucumber/cucumber-java/7.11.1/cucumber-java-7.11.1.jar:/Users/rizkafebrila/.m2/repository/io/cucumber/cucumber-core/7.11.1/cucumber-core-7.11.1.jar:/Users/rizkafebrila/.m2/repository/io/cucumber/cucumber-gherkin/7.11.1/cucumber-gherkin-7.11.1.jar:/Users/rizkafebrila/.m2/repository/io/cucumber/cucumber-gherkin-messages/7.11.1/cucumber-gherkin-messages-7.11.1.jar:/Users/rizkafebrila/.m2/repository/io/cucumber/gherkin/26.0.3/gherkin-26.0.3.jar:/Users/rizkafebrila/.m2/repository/io/cucumber/messages/21.0.1/messages-21.0.1.jar:/Users/rizkafebrila/.m2/repository/io/cucumber/tag-expressions/5.0.1/tag-expressions-5.0.1.jar:/Users/rizkafebrila/.m2/repository/io/cucumber/cucumber-expressions/16.1.2/cucumber-expressions-16.1.2.jar:/Users/rizkafebrila/.m2/repository/io/cucumber/datatable/7.11.1/datatable-7.11.1.jar:/Users/rizkafebrila/.m2/repository/io/cucumber/cucumber-plugin/7.11.1/cucumber-plugin-7.11.1.jar:/Users/rizkafebrila/.m2/repository/io/cucumber/docstring/7.11.1/docstring-7.11.1.jar:/Users/rizkafebrila/.m2/repository/io/cucumber/html-formatter/20.2.1/html-formatter-20.2.1.jar:/Users/rizkafebrila/.m2/repository/io/cucumber/junit-xml-formatter/0.1.0/junit-xml-formatter-0.1.0.jar:/Users/rizkafebrila/.m2/repository/io/cucumber/ci-environment/9.1.0/ci-environment-9.1.0.jar:/Users/rizkafebrila/.m2/repository/org/apiguardian/apiguardian-api/1.1.2/apiguardian-api-1.1.2.jar:/Users/rizkafebrila/.m2/repository/io/cucumber/cucumber-junit/7.11.1/cucumber-junit-7.11.1.jar:/Users/rizkafebrila/.m2/repository/junit/junit/4.13.2/junit-4.13.2.jar:/Users/rizkafebrila/.m2/repository/org/hamcrest/hamcrest-core/1.3/hamcrest-core-1.3.jar:/Users/rizkafebrila/.m2/repository/org/junit/jupiter/junit-jupiter-api/5.8.1/junit-jupiter-api-5.8.1.jar:/Users/rizkafebrila/.m2/repository/org/opentest4j/opentest4j/1.2.0/opentest4j-1.2.0.jar:/Users/rizkafebrila/.m2/repository/org/junit/platform/junit-platform-commons/1.8.1/junit-platform-commons-1.8.1.jar:/Users/rizkafebrila/.m2/repository/org/junit/jupiter/junit-jupiter-engine/5.8.1/junit-jupiter-engine-5.8.1.jar:/Users/rizkafebrila/.m2/repository/org/junit/platform/junit-platform-engine/1.8.1/junit-platform-engine-1.8.1.jar:/Users/rizkafebrila/.m2/repository/io/rest-assured/rest-assured/5.3.0/rest-assured-5.3.0.jar:/Users/rizkafebrila/.m2/repository/org/apache/groovy/groovy/4.0.6/groovy-4.0.6.jar:/Users/rizkafebrila/.m2/repository/org/apache/groovy/groovy-xml/4.0.6/groovy-xml-4.0.6.jar:/Users/rizkafebrila/.m2/repository/org/apache/httpcomponents/httpclient/4.5.13/httpclient-4.5.13.jar:/Users/rizkafebrila/.m2/repository/org/apache/httpcomponents/httpcore/4.4.13/httpcore-4.4.13.jar:/Users/rizkafebrila/.m2/repository/commons-logging/commons-logging/1.2/commons-logging-1.2.jar:/Users/rizkafebrila/.m2/repository/commons-codec/commons-codec/1.11/commons-codec-1.11.jar:/Users/rizkafebrila/.m2/repository/org/apache/httpcomponents/httpmime/4.5.13/httpmime-4.5.13.jar:/Users/rizkafebrila/.m2/repository/org/hamcrest/hamcrest/2.1/hamcrest-2.1.jar:/Users/rizkafebrila/.m2/repository/org/ccil/cowan/tagsoup/tagsoup/1.2.1/tagsoup-1.2.1.jar:/Users/rizkafebrila/.m2/repository/io/rest-assured/json-path/5.3.0/json-path-5.3.0.jar:/Users/rizkafebrila/.m2/repository/org/apache/groovy/groovy-json/4.0.6/groovy-json-4.0.6.jar:/Users/rizkafebrila/.m2/repository/io/rest-assured/rest-assured-common/5.3.0/rest-assured-common-5.3.0.jar:/Users/rizkafebrila/.m2/repository/io/rest-assured/xml-path/5.3.0/xml-path-5.3.0.jar:/Users/rizkafebrila/.m2/repository/org/apache/commons/commons-lang3/3.11/commons-lang3-3.11.jar:/Users/rizkafebrila/.m2/repository/org/slf4j/slf4j-api/1.7.36/slf4j-api-1.7.36.jar:"/>
    <property name="sun.cpu.endian" value="little"/>
    <property name="user.home" value="/Users/rizkafebrila"/>
    <property name="user.language" value="en"/>
    <property name="java.specification.vendor" value="Oracle Corporation"/>
    <property name="java.version.date" value="2022-07-19"/>
    <property name="java.home" value="/Users/rizkafebrila/.sdkman/candidates/java/17.0.4-tem"/>
    <property name="file.separator" value="/"/>
    <property name="basedir" value="/Users/rizkafebrila/Workspace/api_rest_assured"/>
    <property name="java.vm.compressedOopsMode" value="Zero based"/>
    <property name="line.separator" value="&#10;"/>
    <property name="java.specification.name" value="Java Platform API Specification"/>
    <property name="java.vm.specification.vendor" value="Oracle Corporation"/>
    <property name="surefire.real.class.path" value="/Users/rizkafebrila/Workspace/api_rest_assured/target/surefire/surefirebooter-20250207112219517_3.jar"/>
    <property name="sun.management.compiler" value="HotSpot 64-Bit Tiered Compilers"/>
    <property name="ftp.nonProxyHosts" value="local|*.local|169.254/16|*.169.254/16"/>
    <property name="java.runtime.version" value="17.0.4+8"/>
    <property name="user.name" value="rizkafebrila"/>
    <property name="path.separator" value=":"/>
    <property name="os.version" value="15.3"/>
    <property name="java.runtime.name" value="OpenJDK Runtime Environment"/>
    <property name="file.encoding" value="UTF-8"/>
    <property name="java.vm.name" value="OpenJDK 64-Bit Server VM"/>
    <property name="java.vendor.version" value="Temurin-17.0.4+8"/>
    <property name="localRepository" value="/Users/rizkafebrila/.m2/repository"/>
    <property name="java.vendor.url.bug" value="https://github.com/adoptium/adoptium-support/issues"/>
    <property name="java.io.tmpdir" value="/var/folders/nk/3shgtc352s98_g5sd3ky6jsw0000gn/T/"/>
    <property name="java.version" value="17.0.4"/>
    <property name="user.dir" value="/Users/rizkafebrila/Workspace/api_rest_assured"/>
    <property name="os.arch" value="x86_64"/>
    <property name="java.vm.specification.name" value="Java Virtual Machine Specification"/>
    <property name="native.encoding" value="UTF-8"/>
    <property name="java.library.path" value="/Users/rizkafebrila/Library/Java/Extensions:/Library/Java/Extensions:/Network/Library/Java/Extensions:/System/Library/Java/Extensions:/usr/lib/java:."/>
    <property name="java.vm.info" value="mixed mode, sharing"/>
    <property name="java.vendor" value="Eclipse Adoptium"/>
    <property name="java.vm.version" value="17.0.4+8"/>
    <property name="sun.io.unicode.encoding" value="UnicodeBig"/>
    <property name="socksNonProxyHosts" value="local|*.local|169.254/16|*.169.254/16"/>
    <property name="java.class.version" value="61.0"/>
  </properties>
  <testcase name="runCucumberTests" classname="runners.CucumberTestRunner" time="0.029"/>
</testsuite>