<?xml version="1.0" encoding="UTF-8"?>
<testsuite xmlns:xsi="http://www.w3.org/2001/XMLSchema-instance" xsi:noNamespaceSchemaLocation="https://maven.apache.org/surefire/maven-surefire-plugin/xsd/surefire-test-report-3.0.xsd" version="3.0" name="runners.CucumberTestRunner" time="36.269" tests="20" errors="0" skipped="0" failures="0">
  <properties>
    <property name="java.specification.version" value="17"/>
    <property name="sun.jnu.encoding" value="UTF-8"/>
    <property name="java.class.path" value="/Users/rizkafebrila/Workspace/api_rest_assured/target/test-classes:/Users/rizkafebrila/Workspace/api_rest_assured/target/classes:/Users/rizkafebrila/.m2/repository/net/serenity-bdd/serenity-core/3.6.21/serenity-core-3.6.21.jar:/Users/rizkafebrila/.m2/repository/net/serenity-bdd/serenity-model/3.6.21/serenity-model-3.6.21.jar:/Users/rizkafebrila/.m2/repository/org/apache/commons/commons-text/1.10.0/commons-text-1.10.0.jar:/Users/rizkafebrila/.m2/repository/commons-net/commons-net/3.9.0/commons-net-3.9.0.jar:/Users/rizkafebrila/.m2/repository/com/google/guava/guava/31.1-jre/guava-31.1-jre.jar:/Users/rizkafebrila/.m2/repository/com/google/guava/failureaccess/1.0.1/failureaccess-1.0.1.jar:/Users/rizkafebrila/.m2/repository/com/google/guava/listenablefuture/9999.0-empty-to-avoid-conflict-with-guava/listenablefuture-9999.0-empty-to-avoid-conflict-with-guava.jar:/Users/rizkafebrila/.m2/repository/com/google/code/findbugs/jsr305/3.0.2/jsr305-3.0.2.jar:/Users/rizkafebrila/.m2/repository/org/checkerframework/checker-qual/3.12.0/checker-qual-3.12.0.jar:/Users/rizkafebrila/.m2/repository/com/google/errorprone/error_prone_annotations/2.11.0/error_prone_annotations-2.11.0.jar:/Users/rizkafebrila/.m2/repository/com/google/j2objc/j2objc-annotations/1.3/j2objc-annotations-1.3.jar:/Users/rizkafebrila/.m2/repository/com/google/inject/guice/5.1.0/guice-5.1.0.jar:/Users/rizkafebrila/.m2/repository/javax/inject/javax.inject/1/javax.inject-1.jar:/Users/rizkafebrila/.m2/repository/aopalliance/aopalliance/1.0/aopalliance-1.0.jar:/Users/rizkafebrila/.m2/repository/org/jsoup/jsoup/1.14.3/jsoup-1.14.3.jar:/Users/rizkafebrila/.m2/repository/com/thoughtworks/xstream/xstream/1.4.20/xstream-1.4.20.jar:/Users/rizkafebrila/.m2/repository/io/github/x-stream/mxparser/1.2.2/mxparser-1.2.2.jar:/Users/rizkafebrila/.m2/repository/xmlpull/xmlpull/1.1.3.1/xmlpull-1.1.3.1.jar:/Users/rizkafebrila/.m2/repository/com/typesafe/config/1.4.2/config-1.4.2.jar:/Users/rizkafebrila/.m2/repository/org/imgscalr/imgscalr-lib/4.2/imgscalr-lib-4.2.jar:/Users/rizkafebrila/.m2/repository/org/awaitility/awaitility/4.2.0/awaitility-4.2.0.jar:/Users/rizkafebrila/.m2/repository/org/freemarker/freemarker/2.3.31/freemarker-2.3.31.jar:/Users/rizkafebrila/.m2/repository/io/github/classgraph/classgraph/4.8.138/classgraph-4.8.138.jar:/Users/rizkafebrila/.m2/repository/net/sourceforge/jexcelapi/jxl/2.6.12/jxl-2.6.12.jar:/Users/rizkafebrila/.m2/repository/net/bytebuddy/byte-buddy/1.14.2/byte-buddy-1.14.2.jar:/Users/rizkafebrila/.m2/repository/net/bytebuddy/byte-buddy-agent/1.14.2/byte-buddy-agent-1.14.2.jar:/Users/rizkafebrila/.m2/repository/org/objenesis/objenesis/3.3/objenesis-3.3.jar:/Users/rizkafebrila/.m2/repository/net/serenity-bdd/serenity-reports/3.6.21/serenity-reports-3.6.21.jar:/Users/rizkafebrila/.m2/repository/net/serenity-bdd/serenity-stats/3.6.21/serenity-stats-3.6.21.jar:/Users/rizkafebrila/.m2/repository/org/jetbrains/kotlin/kotlin-stdlib/1.8.10/kotlin-stdlib-1.8.10.jar:/Users/rizkafebrila/.m2/repository/org/jetbrains/kotlin/kotlin-stdlib-common/1.8.10/kotlin-stdlib-common-1.8.10.jar:/Users/rizkafebrila/.m2/repository/org/jetbrains/annotations/13.0/annotations-13.0.jar:/Users/rizkafebrila/.m2/repository/net/serenity-bdd/serenity-reports-configuration/3.6.21/serenity-reports-configuration-3.6.21.jar:/Users/rizkafebrila/.m2/repository/com/vladsch/flexmark/flexmark-all/0.62.2/flexmark-all-0.62.2.jar:/Users/rizkafebrila/.m2/repository/com/vladsch/flexmark/flexmark/0.62.2/flexmark-0.62.2.jar:/Users/rizkafebrila/.m2/repository/com/vladsch/flexmark/flexmark-ext-abbreviation/0.62.2/flexmark-ext-abbreviation-0.62.2.jar:/Users/rizkafebrila/.m2/repository/com/vladsch/flexmark/flexmark-util/0.62.2/flexmark-util-0.62.2.jar:/Users/rizkafebrila/.m2/repository/com/vladsch/flexmark/flexmark-ext-admonition/0.62.2/flexmark-ext-admonition-0.62.2.jar:/Users/rizkafebrila/.m2/repository/com/vladsch/flexmark/flexmark-ext-anchorlink/0.62.2/flexmark-ext-anchorlink-0.62.2.jar:/Users/rizkafebrila/.m2/repository/com/vladsch/flexmark/flexmark-ext-aside/0.62.2/flexmark-ext-aside-0.62.2.jar:/Users/rizkafebrila/.m2/repository/com/vladsch/flexmark/flexmark-ext-attributes/0.62.2/flexmark-ext-attributes-0.62.2.jar:/Users/rizkafebrila/.m2/repository/com/vladsch/flexmark/flexmark-ext-autolink/0.62.2/flexmark-ext-autolink-0.62.2.jar:/Users/rizkafebrila/.m2/repository/org/nibor/autolink/autolink/0.6.0/autolink-0.6.0.jar:/Users/rizkafebrila/.m2/repository/com/vladsch/flexmark/flexmark-ext-definition/0.62.2/flexmark-ext-definition-0.62.2.jar:/Users/rizkafebrila/.m2/repository/com/vladsch/flexmark/flexmark-ext-emoji/0.62.2/flexmark-ext-emoji-0.62.2.jar:/Users/rizkafebrila/.m2/repository/com/vladsch/flexmark/flexmark-ext-enumerated-reference/0.62.2/flexmark-ext-enumerated-reference-0.62.2.jar:/Users/rizkafebrila/.m2/repository/com/vladsch/flexmark/flexmark-ext-escaped-character/0.62.2/flexmark-ext-escaped-character-0.62.2.jar:/Users/rizkafebrila/.m2/repository/com/vladsch/flexmark/flexmark-ext-footnotes/0.62.2/flexmark-ext-footnotes-0.62.2.jar:/Users/rizkafebrila/.m2/repository/com/vladsch/flexmark/flexmark-ext-gfm-issues/0.62.2/flexmark-ext-gfm-issues-0.62.2.jar:/Users/rizkafebrila/.m2/repository/com/vladsch/flexmark/flexmark-ext-gfm-strikethrough/0.62.2/flexmark-ext-gfm-strikethrough-0.62.2.jar:/Users/rizkafebrila/.m2/repository/com/vladsch/flexmark/flexmark-ext-gfm-tasklist/0.62.2/flexmark-ext-gfm-tasklist-0.62.2.jar:/Users/rizkafebrila/.m2/repository/com/vladsch/flexmark/flexmark-ext-gfm-users/0.62.2/flexmark-ext-gfm-users-0.62.2.jar:/Users/rizkafebrila/.m2/repository/com/vladsch/flexmark/flexmark-ext-gitlab/0.62.2/flexmark-ext-gitlab-0.62.2.jar:/Users/rizkafebrila/.m2/repository/com/vladsch/flexmark/flexmark-ext-jekyll-front-matter/0.62.2/flexmark-ext-jekyll-front-matter-0.62.2.jar:/Users/rizkafebrila/.m2/repository/com/vladsch/flexmark/flexmark-ext-jekyll-tag/0.62.2/flexmark-ext-jekyll-tag-0.62.2.jar:/Users/rizkafebrila/.m2/repository/com/vladsch/flexmark/flexmark-ext-media-tags/0.62.2/flexmark-ext-media-tags-0.62.2.jar:/Users/rizkafebrila/.m2/repository/com/vladsch/flexmark/flexmark-ext-macros/0.62.2/flexmark-ext-macros-0.62.2.jar:/Users/rizkafebrila/.m2/repository/com/vladsch/flexmark/flexmark-ext-ins/0.62.2/flexmark-ext-ins-0.62.2.jar:/Users/rizkafebrila/.m2/repository/com/vladsch/flexmark/flexmark-ext-xwiki-macros/0.62.2/flexmark-ext-xwiki-macros-0.62.2.jar:/Users/rizkafebrila/.m2/repository/com/vladsch/flexmark/flexmark-ext-superscript/0.62.2/flexmark-ext-superscript-0.62.2.jar:/Users/rizkafebrila/.m2/repository/com/vladsch/flexmark/flexmark-ext-tables/0.62.2/flexmark-ext-tables-0.62.2.jar:/Users/rizkafebrila/.m2/repository/com/vladsch/flexmark/flexmark-ext-toc/0.62.2/flexmark-ext-toc-0.62.2.jar:/Users/rizkafebrila/.m2/repository/com/vladsch/flexmark/flexmark-ext-typographic/0.62.2/flexmark-ext-typographic-0.62.2.jar:/Users/rizkafebrila/.m2/repository/com/vladsch/flexmark/flexmark-ext-wikilink/0.62.2/flexmark-ext-wikilink-0.62.2.jar:/Users/rizkafebrila/.m2/repository/com/vladsch/flexmark/flexmark-ext-yaml-front-matter/0.62.2/flexmark-ext-yaml-front-matter-0.62.2.jar:/Users/rizkafebrila/.m2/repository/com/vladsch/flexmark/flexmark-ext-youtube-embedded/0.62.2/flexmark-ext-youtube-embedded-0.62.2.jar:/Users/rizkafebrila/.m2/repository/com/vladsch/flexmark/flexmark-html2md-converter/0.62.2/flexmark-html2md-converter-0.62.2.jar:/Users/rizkafebrila/.m2/repository/com/vladsch/flexmark/flexmark-jira-converter/0.62.2/flexmark-jira-converter-0.62.2.jar:/Users/rizkafebrila/.m2/repository/com/vladsch/flexmark/flexmark-pdf-converter/0.62.2/flexmark-pdf-converter-0.62.2.jar:/Users/rizkafebrila/.m2/repository/com/openhtmltopdf/openhtmltopdf-core/1.0.0/openhtmltopdf-core-1.0.0.jar:/Users/rizkafebrila/.m2/repository/com/openhtmltopdf/openhtmltopdf-pdfbox/1.0.0/openhtmltopdf-pdfbox-1.0.0.jar:/Users/rizkafebrila/.m2/repository/org/apache/pdfbox/pdfbox/2.0.16/pdfbox-2.0.16.jar:/Users/rizkafebrila/.m2/repository/org/apache/pdfbox/fontbox/2.0.16/fontbox-2.0.16.jar:/Users/rizkafebrila/.m2/repository/org/apache/pdfbox/xmpbox/2.0.16/xmpbox-2.0.16.jar:/Users/rizkafebrila/.m2/repository/de/rototor/pdfbox/graphics2d/0.24/graphics2d-0.24.jar:/Users/rizkafebrila/.m2/repository/com/openhtmltopdf/openhtmltopdf-rtl-support/1.0.0/openhtmltopdf-rtl-support-1.0.0.jar:/Users/rizkafebrila/.m2/repository/com/openhtmltopdf/openhtmltopdf-jsoup-dom-converter/1.0.0/openhtmltopdf-jsoup-dom-converter-1.0.0.jar:/Users/rizkafebrila/.m2/repository/com/vladsch/flexmark/flexmark-profile-pegdown/0.62.2/flexmark-profile-pegdown-0.62.2.jar:/Users/rizkafebrila/.m2/repository/com/vladsch/flexmark/flexmark-util-ast/0.62.2/flexmark-util-ast-0.62.2.jar:/Users/rizkafebrila/.m2/repository/com/vladsch/flexmark/flexmark-util-builder/0.62.2/flexmark-util-builder-0.62.2.jar:/Users/rizkafebrila/.m2/repository/com/vladsch/flexmark/flexmark-util-collection/0.62.2/flexmark-util-collection-0.62.2.jar:/Users/rizkafebrila/.m2/repository/com/vladsch/flexmark/flexmark-util-data/0.62.2/flexmark-util-data-0.62.2.jar:/Users/rizkafebrila/.m2/repository/com/vladsch/flexmark/flexmark-util-dependency/0.62.2/flexmark-util-dependency-0.62.2.jar:/Users/rizkafebrila/.m2/repository/com/vladsch/flexmark/flexmark-util-format/0.62.2/flexmark-util-format-0.62.2.jar:/Users/rizkafebrila/.m2/repository/com/vladsch/flexmark/flexmark-util-html/0.62.2/flexmark-util-html-0.62.2.jar:/Users/rizkafebrila/.m2/repository/com/vladsch/flexmark/flexmark-util-misc/0.62.2/flexmark-util-misc-0.62.2.jar:/Users/rizkafebrila/.m2/repository/com/vladsch/flexmark/flexmark-util-options/0.62.2/flexmark-util-options-0.62.2.jar:/Users/rizkafebrila/.m2/repository/com/vladsch/flexmark/flexmark-util-sequence/0.62.2/flexmark-util-sequence-0.62.2.jar:/Users/rizkafebrila/.m2/repository/com/vladsch/flexmark/flexmark-util-visitor/0.62.2/flexmark-util-visitor-0.62.2.jar:/Users/rizkafebrila/.m2/repository/com/vladsch/flexmark/flexmark-youtrack-converter/0.62.2/flexmark-youtrack-converter-0.62.2.jar:/Users/rizkafebrila/.m2/repository/com/ibm/icu/icu4j/72.1/icu4j-72.1.jar:/Users/rizkafebrila/.m2/repository/es/nitaur/markdown/txtmark/0.16/txtmark-0.16.jar:/Users/rizkafebrila/.m2/repository/net/serenity-bdd/serenity-report-resources/3.6.21/serenity-report-resources-3.6.21.jar:/Users/rizkafebrila/.m2/repository/com/google/code/gson/gson/2.10.1/gson-2.10.1.jar:/Users/rizkafebrila/.m2/repository/com/fasterxml/jackson/core/jackson-core/2.15.0-rc1/jackson-core-2.15.0-rc1.jar:/Users/rizkafebrila/.m2/repository/com/fasterxml/jackson/core/jackson-databind/2.15.0-rc1/jackson-databind-2.15.0-rc1.jar:/Users/rizkafebrila/.m2/repository/com/fasterxml/jackson/core/jackson-annotations/2.15.0-rc1/jackson-annotations-2.15.0-rc1.jar:/Users/rizkafebrila/.m2/repository/commons-codec/commons-codec/1.15/commons-codec-1.15.jar:/Users/rizkafebrila/.m2/repository/commons-io/commons-io/2.11.0/commons-io-2.11.0.jar:/Users/rizkafebrila/.m2/repository/org/apache/httpcomponents/httpclient/4.5.13/httpclient-4.5.13.jar:/Users/rizkafebrila/.m2/repository/org/apache/httpcomponents/httpcore/4.4.13/httpcore-4.4.13.jar:/Users/rizkafebrila/.m2/repository/commons-logging/commons-logging/1.2/commons-logging-1.2.jar:/Users/rizkafebrila/.m2/repository/org/seleniumhq/selenium/selenium-java/4.8.1/selenium-java-4.8.1.jar:/Users/rizkafebrila/.m2/repository/org/seleniumhq/selenium/selenium-devtools-v108/4.8.1/selenium-devtools-v108-4.8.1.jar:/Users/rizkafebrila/.m2/repository/org/seleniumhq/selenium/selenium-devtools-v109/4.8.1/selenium-devtools-v109-4.8.1.jar:/Users/rizkafebrila/.m2/repository/org/seleniumhq/selenium/selenium-devtools-v110/4.8.1/selenium-devtools-v110-4.8.1.jar:/Users/rizkafebrila/.m2/repository/org/seleniumhq/selenium/selenium-devtools-v85/4.8.1/selenium-devtools-v85-4.8.1.jar:/Users/rizkafebrila/.m2/repository/org/seleniumhq/selenium/selenium-remote-driver/4.8.1/selenium-remote-driver-4.8.1.jar:/Users/rizkafebrila/.m2/repository/com/beust/jcommander/1.82/jcommander-1.82.jar:/Users/rizkafebrila/.m2/repository/io/netty/netty-buffer/4.1.87.Final/netty-buffer-4.1.87.Final.jar:/Users/rizkafebrila/.m2/repository/io/netty/netty-codec-http/4.1.87.Final/netty-codec-http-4.1.87.Final.jar:/Users/rizkafebrila/.m2/repository/io/netty/netty-codec/4.1.87.Final/netty-codec-4.1.87.Final.jar:/Users/rizkafebrila/.m2/repository/io/netty/netty-handler/4.1.87.Final/netty-handler-4.1.87.Final.jar:/Users/rizkafebrila/.m2/repository/io/netty/netty-common/4.1.87.Final/netty-common-4.1.87.Final.jar:/Users/rizkafebrila/.m2/repository/io/netty/netty-transport-classes-epoll/4.1.87.Final/netty-transport-classes-epoll-4.1.87.Final.jar:/Users/rizkafebrila/.m2/repository/io/netty/netty-transport-classes-kqueue/4.1.87.Final/netty-transport-classes-kqueue-4.1.87.Final.jar:/Users/rizkafebrila/.m2/repository/io/netty/netty-transport-native-epoll/4.1.87.Final/netty-transport-native-epoll-4.1.87.Final.jar:/Users/rizkafebrila/.m2/repository/io/netty/netty-transport-native-kqueue/4.1.87.Final/netty-transport-native-kqueue-4.1.87.Final.jar:/Users/rizkafebrila/.m2/repository/io/netty/netty-transport-native-unix-common/4.1.87.Final/netty-transport-native-unix-common-4.1.87.Final.jar:/Users/rizkafebrila/.m2/repository/io/netty/netty-transport/4.1.87.Final/netty-transport-4.1.87.Final.jar:/Users/rizkafebrila/.m2/repository/io/netty/netty-resolver/4.1.87.Final/netty-resolver-4.1.87.Final.jar:/Users/rizkafebrila/.m2/repository/io/opentelemetry/opentelemetry-api/1.22.0/opentelemetry-api-1.22.0.jar:/Users/rizkafebrila/.m2/repository/io/opentelemetry/opentelemetry-context/1.22.0/opentelemetry-context-1.22.0.jar:/Users/rizkafebrila/.m2/repository/io/opentelemetry/opentelemetry-exporter-logging/1.22.0/opentelemetry-exporter-logging-1.22.0.jar:/Users/rizkafebrila/.m2/repository/io/opentelemetry/opentelemetry-sdk-metrics/1.22.0/opentelemetry-sdk-metrics-1.22.0.jar:/Users/rizkafebrila/.m2/repository/io/opentelemetry/opentelemetry-sdk-logs/1.22.0-alpha/opentelemetry-sdk-logs-1.22.0-alpha.jar:/Users/rizkafebrila/.m2/repository/io/opentelemetry/opentelemetry-api-logs/1.22.0-alpha/opentelemetry-api-logs-1.22.0-alpha.jar:/Users/rizkafebrila/.m2/repository/io/opentelemetry/opentelemetry-sdk-common/1.22.0/opentelemetry-sdk-common-1.22.0.jar:/Users/rizkafebrila/.m2/repository/io/opentelemetry/opentelemetry-sdk-extension-autoconfigure-spi/1.22.0/opentelemetry-sdk-extension-autoconfigure-spi-1.22.0.jar:/Users/rizkafebrila/.m2/repository/io/opentelemetry/opentelemetry-sdk-extension-autoconfigure/1.22.0-alpha/opentelemetry-sdk-extension-autoconfigure-1.22.0-alpha.jar:/Users/rizkafebrila/.m2/repository/io/opentelemetry/opentelemetry-sdk-trace/1.22.0/opentelemetry-sdk-trace-1.22.0.jar:/Users/rizkafebrila/.m2/repository/io/opentelemetry/opentelemetry-sdk/1.22.0/opentelemetry-sdk-1.22.0.jar:/Users/rizkafebrila/.m2/repository/io/opentelemetry/opentelemetry-semconv/1.22.0-alpha/opentelemetry-semconv-1.22.0-alpha.jar:/Users/rizkafebrila/.m2/repository/io/ous/jtoml/2.0.0/jtoml-2.0.0.jar:/Users/rizkafebrila/.m2/repository/org/apache/commons/commons-exec/1.3/commons-exec-1.3.jar:/Users/rizkafebrila/.m2/repository/org/asynchttpclient/async-http-client/2.12.3/async-http-client-2.12.3.jar:/Users/rizkafebrila/.m2/repository/org/asynchttpclient/async-http-client-netty-utils/2.12.3/async-http-client-netty-utils-2.12.3.jar:/Users/rizkafebrila/.m2/repository/io/netty/netty-codec-socks/4.1.60.Final/netty-codec-socks-4.1.60.Final.jar:/Users/rizkafebrila/.m2/repository/io/netty/netty-handler-proxy/4.1.60.Final/netty-handler-proxy-4.1.60.Final.jar:/Users/rizkafebrila/.m2/repository/io/netty/netty-transport-native-epoll/4.1.60.Final/netty-transport-native-epoll-4.1.60.Final-linux-x86_64.jar:/Users/rizkafebrila/.m2/repository/io/netty/netty-transport-native-kqueue/4.1.60.Final/netty-transport-native-kqueue-4.1.60.Final-osx-x86_64.jar:/Users/rizkafebrila/.m2/repository/org/reactivestreams/reactive-streams/1.0.3/reactive-streams-1.0.3.jar:/Users/rizkafebrila/.m2/repository/com/typesafe/netty/netty-reactive-streams/2.0.4/netty-reactive-streams-2.0.4.jar:/Users/rizkafebrila/.m2/repository/org/seleniumhq/selenium/selenium-manager/4.8.1/selenium-manager-4.8.1.jar:/Users/rizkafebrila/.m2/repository/org/seleniumhq/selenium/selenium-safari-driver/4.8.1/selenium-safari-driver-4.8.1.jar:/Users/rizkafebrila/.m2/repository/org/seleniumhq/selenium/selenium-api/4.8.1/selenium-api-4.8.1.jar:/Users/rizkafebrila/.m2/repository/org/seleniumhq/selenium/selenium-support/4.8.1/selenium-support-4.8.1.jar:/Users/rizkafebrila/.m2/repository/com/google/auto/service/auto-service-annotations/1.0.1/auto-service-annotations-1.0.1.jar:/Users/rizkafebrila/.m2/repository/com/google/auto/service/auto-service/1.0.1/auto-service-1.0.1.jar:/Users/rizkafebrila/.m2/repository/com/google/auto/auto-common/1.2/auto-common-1.2.jar:/Users/rizkafebrila/.m2/repository/org/seleniumhq/selenium/selenium-json/4.8.1/selenium-json-4.8.1.jar:/Users/rizkafebrila/.m2/repository/org/seleniumhq/selenium/selenium-chrome-driver/4.8.1/selenium-chrome-driver-4.8.1.jar:/Users/rizkafebrila/.m2/repository/org/seleniumhq/selenium/selenium-chromium-driver/4.8.1/selenium-chromium-driver-4.8.1.jar:/Users/rizkafebrila/.m2/repository/org/seleniumhq/selenium/selenium-firefox-driver/4.8.1/selenium-firefox-driver-4.8.1.jar:/Users/rizkafebrila/.m2/repository/org/seleniumhq/selenium/selenium-http/4.8.1/selenium-http-4.8.1.jar:/Users/rizkafebrila/.m2/repository/dev/failsafe/failsafe/3.3.0/failsafe-3.3.0.jar:/Users/rizkafebrila/.m2/repository/org/seleniumhq/selenium/selenium-edge-driver/4.8.1/selenium-edge-driver-4.8.1.jar:/Users/rizkafebrila/.m2/repository/org/seleniumhq/selenium/selenium-ie-driver/4.8.1/selenium-ie-driver-4.8.1.jar:/Users/rizkafebrila/.m2/repository/org/projectlombok/lombok/1.18.20/lombok-1.18.20.jar:/Users/rizkafebrila/.m2/repository/io/appium/java-client/8.3.0/java-client-8.3.0.jar:/Users/rizkafebrila/.m2/repository/commons-validator/commons-validator/1.7/commons-validator-1.7.jar:/Users/rizkafebrila/.m2/repository/commons-digester/commons-digester/2.1/commons-digester-2.1.jar:/Users/rizkafebrila/.m2/repository/org/apache/groovy/groovy/4.0.10/groovy-4.0.10.jar:/Users/rizkafebrila/.m2/repository/net/sf/opencsv/opencsv/2.0/opencsv-2.0.jar:/Users/rizkafebrila/.m2/repository/commons-beanutils/commons-beanutils/1.9.4/commons-beanutils-1.9.4.jar:/Users/rizkafebrila/.m2/repository/org/apache/commons/commons-lang3/3.12.0/commons-lang3-3.12.0.jar:/Users/rizkafebrila/.m2/repository/commons-collections/commons-collections/3.2.2/commons-collections-3.2.2.jar:/Users/rizkafebrila/.m2/repository/org/fluentlenium/fluentlenium-core/0.10.2/fluentlenium-core-0.10.2.jar:/Users/rizkafebrila/.m2/repository/io/github/bonigarcia/webdrivermanager/5.3.0/webdrivermanager-5.3.0.jar:/Users/rizkafebrila/.m2/repository/com/github/docker-java/docker-java/3.2.13/docker-java-3.2.13.jar:/Users/rizkafebrila/.m2/repository/com/github/docker-java/docker-java-core/3.2.13/docker-java-core-3.2.13.jar:/Users/rizkafebrila/.m2/repository/com/github/docker-java/docker-java-api/3.2.13/docker-java-api-3.2.13.jar:/Users/rizkafebrila/.m2/repository/org/apache/commons/commons-compress/1.21/commons-compress-1.21.jar:/Users/rizkafebrila/.m2/repository/org/bouncycastle/bcpkix-jdk15on/1.64/bcpkix-jdk15on-1.64.jar:/Users/rizkafebrila/.m2/repository/org/bouncycastle/bcprov-jdk15on/1.64/bcprov-jdk15on-1.64.jar:/Users/rizkafebrila/.m2/repository/org/slf4j/jcl-over-slf4j/1.7.30/jcl-over-slf4j-1.7.30.jar:/Users/rizkafebrila/.m2/repository/com/github/docker-java/docker-java-transport-httpclient5/3.2.13/docker-java-transport-httpclient5-3.2.13.jar:/Users/rizkafebrila/.m2/repository/com/github/docker-java/docker-java-transport/3.2.13/docker-java-transport-3.2.13.jar:/Users/rizkafebrila/.m2/repository/net/java/dev/jna/jna/5.8.0/jna-5.8.0.jar:/Users/rizkafebrila/.m2/repository/org/brotli/dec/0.1.2/dec-0.1.2.jar:/Users/rizkafebrila/.m2/repository/org/apache/httpcomponents/client5/httpclient5/5.1.3/httpclient5-5.1.3.jar:/Users/rizkafebrila/.m2/repository/org/apache/httpcomponents/core5/httpcore5/5.1.3/httpcore5-5.1.3.jar:/Users/rizkafebrila/.m2/repository/org/apache/httpcomponents/core5/httpcore5-h2/5.1.3/httpcore5-h2-5.1.3.jar:/Users/rizkafebrila/.m2/repository/com/jhlabs/filters/2.0.235/filters-2.0.235.jar:/Users/rizkafebrila/.m2/repository/com/paulhammant/ngwebdriver/1.1.6/ngwebdriver-1.1.6.jar:/Users/rizkafebrila/.m2/repository/joda-time/joda-time/2.12.2/joda-time-2.12.2.jar:/Users/rizkafebrila/.m2/repository/org/hamcrest/hamcrest/2.2/hamcrest-2.2.jar:/Users/rizkafebrila/.m2/repository/com/google/jimfs/jimfs/1.2/jimfs-1.2.jar:/Users/rizkafebrila/.m2/repository/org/mockito/mockito-core/3.3.3/mockito-core-3.3.3.jar:/Users/rizkafebrila/.m2/repository/org/assertj/assertj-core/3.24.2/assertj-core-3.24.2.jar:/Users/rizkafebrila/.m2/repository/javax/xml/bind/jaxb-api/2.3.1/jaxb-api-2.3.1.jar:/Users/rizkafebrila/.m2/repository/javax/activation/javax.activation-api/1.2.0/javax.activation-api-1.2.0.jar:/Users/rizkafebrila/.m2/repository/com/sun/xml/bind/jaxb-core/2.3.0.1/jaxb-core-2.3.0.1.jar:/Users/rizkafebrila/.m2/repository/com/sun/xml/bind/jaxb-impl/2.3.3/jaxb-impl-2.3.3.jar:/Users/rizkafebrila/.m2/repository/jakarta/xml/bind/jakarta.xml.bind-api/2.3.3/jakarta.xml.bind-api-2.3.3.jar:/Users/rizkafebrila/.m2/repository/com/sun/activation/jakarta.activation/1.2.2/jakarta.activation-1.2.2.jar:/Users/rizkafebrila/.m2/repository/javax/activation/activation/1.1.1/activation-1.1.1.jar:/Users/rizkafebrila/.m2/repository/net/serenity-bdd/serenity-cucumber/3.6.21/serenity-cucumber-3.6.21.jar:/Users/rizkafebrila/.m2/repository/net/serenity-bdd/serenity-screenplay/3.6.21/serenity-screenplay-3.6.21.jar:/Users/rizkafebrila/.m2/repository/net/serenity-bdd/serenity-screenplay-webdriver/3.6.21/serenity-screenplay-webdriver-3.6.21.jar:/Users/rizkafebrila/.m2/repository/io/cucumber/cucumber-core/7.11.0/cucumber-core-7.11.0.jar:/Users/rizkafebrila/.m2/repository/io/cucumber/cucumber-gherkin/7.11.0/cucumber-gherkin-7.11.0.jar:/Users/rizkafebrila/.m2/repository/io/cucumber/cucumber-gherkin-messages/7.11.0/cucumber-gherkin-messages-7.11.0.jar:/Users/rizkafebrila/.m2/repository/io/cucumber/gherkin/26.0.3/gherkin-26.0.3.jar:/Users/rizkafebrila/.m2/repository/io/cucumber/messages/21.0.1/messages-21.0.1.jar:/Users/rizkafebrila/.m2/repository/io/cucumber/tag-expressions/5.0.1/tag-expressions-5.0.1.jar:/Users/rizkafebrila/.m2/repository/io/cucumber/cucumber-expressions/16.1.1/cucumber-expressions-16.1.1.jar:/Users/rizkafebrila/.m2/repository/io/cucumber/datatable/7.11.0/datatable-7.11.0.jar:/Users/rizkafebrila/.m2/repository/io/cucumber/cucumber-plugin/7.11.0/cucumber-plugin-7.11.0.jar:/Users/rizkafebrila/.m2/repository/io/cucumber/docstring/7.11.0/docstring-7.11.0.jar:/Users/rizkafebrila/.m2/repository/io/cucumber/html-formatter/20.2.1/html-formatter-20.2.1.jar:/Users/rizkafebrila/.m2/repository/io/cucumber/junit-xml-formatter/0.1.0/junit-xml-formatter-0.1.0.jar:/Users/rizkafebrila/.m2/repository/io/cucumber/ci-environment/9.1.0/ci-environment-9.1.0.jar:/Users/rizkafebrila/.m2/repository/org/apache/commons/commons-csv/1.5/commons-csv-1.5.jar:/Users/rizkafebrila/.m2/repository/net/serenity-bdd/serenity-junit/3.6.21/serenity-junit-3.6.21.jar:/Users/rizkafebrila/.m2/repository/io/cucumber/cucumber-java/7.11.1/cucumber-java-7.11.1.jar:/Users/rizkafebrila/.m2/repository/org/apiguardian/apiguardian-api/1.1.2/apiguardian-api-1.1.2.jar:/Users/rizkafebrila/.m2/repository/io/cucumber/cucumber-junit/7.11.1/cucumber-junit-7.11.1.jar:/Users/rizkafebrila/.m2/repository/junit/junit/4.13.2/junit-4.13.2.jar:/Users/rizkafebrila/.m2/repository/org/hamcrest/hamcrest-core/1.3/hamcrest-core-1.3.jar:/Users/rizkafebrila/.m2/repository/io/rest-assured/rest-assured/5.3.0/rest-assured-5.3.0.jar:/Users/rizkafebrila/.m2/repository/org/apache/groovy/groovy-xml/4.0.6/groovy-xml-4.0.6.jar:/Users/rizkafebrila/.m2/repository/org/apache/httpcomponents/httpmime/4.5.13/httpmime-4.5.13.jar:/Users/rizkafebrila/.m2/repository/org/ccil/cowan/tagsoup/tagsoup/1.2.1/tagsoup-1.2.1.jar:/Users/rizkafebrila/.m2/repository/org/json/json/20210307/json-20210307.jar:/Users/rizkafebrila/.m2/repository/io/rest-assured/json-path/5.3.0/json-path-5.3.0.jar:/Users/rizkafebrila/.m2/repository/org/apache/groovy/groovy-json/4.0.6/groovy-json-4.0.6.jar:/Users/rizkafebrila/.m2/repository/io/rest-assured/rest-assured-common/5.3.0/rest-assured-common-5.3.0.jar:/Users/rizkafebrila/.m2/repository/io/rest-assured/xml-path/5.3.0/xml-path-5.3.0.jar:/Users/rizkafebrila/.m2/repository/org/slf4j/slf4j-api/1.7.36/slf4j-api-1.7.36.jar:"/>
    <property name="java.vm.vendor" value="Eclipse Adoptium"/>
    <property name="sun.arch.data.model" value="64"/>
    <property name="java.vendor.url" value="https://adoptium.net/"/>
    <property name="os.name" value="Mac OS X"/>
    <property name="java.vm.specification.version" value="17"/>
    <property name="sun.java.launcher" value="SUN_STANDARD"/>
    <property name="user.country" value="ID"/>
    <property name="sun.boot.library.path" value="/Users/rizkafebrila/.sdkman/candidates/java/17.0.4-tem/lib"/>
    <property name="sun.java.command" value="/Users/rizkafebrila/Workspace/api_rest_assured/target/surefire/surefirebooter-20250208202820359_3.jar /Users/rizkafebrila/Workspace/api_rest_assured/target/surefire 2025-02-08T20-28-20_206-jvmRun1 surefire-20250208202820359_1tmp surefire_0-20250208202820359_2tmp"/>
    <property name="http.nonProxyHosts" value="local|*.local|169.254/16|*.169.254/16"/>
    <property name="jdk.debug" value="release"/>
    <property name="surefire.test.class.path" value="/Users/rizkafebrila/Workspace/api_rest_assured/target/test-classes:/Users/rizkafebrila/Workspace/api_rest_assured/target/classes:/Users/rizkafebrila/.m2/repository/net/serenity-bdd/serenity-core/3.6.21/serenity-core-3.6.21.jar:/Users/rizkafebrila/.m2/repository/net/serenity-bdd/serenity-model/3.6.21/serenity-model-3.6.21.jar:/Users/rizkafebrila/.m2/repository/org/apache/commons/commons-text/1.10.0/commons-text-1.10.0.jar:/Users/rizkafebrila/.m2/repository/commons-net/commons-net/3.9.0/commons-net-3.9.0.jar:/Users/rizkafebrila/.m2/repository/com/google/guava/guava/31.1-jre/guava-31.1-jre.jar:/Users/rizkafebrila/.m2/repository/com/google/guava/failureaccess/1.0.1/failureaccess-1.0.1.jar:/Users/rizkafebrila/.m2/repository/com/google/guava/listenablefuture/9999.0-empty-to-avoid-conflict-with-guava/listenablefuture-9999.0-empty-to-avoid-conflict-with-guava.jar:/Users/rizkafebrila/.m2/repository/com/google/code/findbugs/jsr305/3.0.2/jsr305-3.0.2.jar:/Users/rizkafebrila/.m2/repository/org/checkerframework/checker-qual/3.12.0/checker-qual-3.12.0.jar:/Users/rizkafebrila/.m2/repository/com/google/errorprone/error_prone_annotations/2.11.0/error_prone_annotations-2.11.0.jar:/Users/rizkafebrila/.m2/repository/com/google/j2objc/j2objc-annotations/1.3/j2objc-annotations-1.3.jar:/Users/rizkafebrila/.m2/repository/com/google/inject/guice/5.1.0/guice-5.1.0.jar:/Users/rizkafebrila/.m2/repository/javax/inject/javax.inject/1/javax.inject-1.jar:/Users/rizkafebrila/.m2/repository/aopalliance/aopalliance/1.0/aopalliance-1.0.jar:/Users/rizkafebrila/.m2/repository/org/jsoup/jsoup/1.14.3/jsoup-1.14.3.jar:/Users/rizkafebrila/.m2/repository/com/thoughtworks/xstream/xstream/1.4.20/xstream-1.4.20.jar:/Users/rizkafebrila/.m2/repository/io/github/x-stream/mxparser/1.2.2/mxparser-1.2.2.jar:/Users/rizkafebrila/.m2/repository/xmlpull/xmlpull/1.1.3.1/xmlpull-1.1.3.1.jar:/Users/rizkafebrila/.m2/repository/com/typesafe/config/1.4.2/config-1.4.2.jar:/Users/rizkafebrila/.m2/repository/org/imgscalr/imgscalr-lib/4.2/imgscalr-lib-4.2.jar:/Users/rizkafebrila/.m2/repository/org/awaitility/awaitility/4.2.0/awaitility-4.2.0.jar:/Users/rizkafebrila/.m2/repository/org/freemarker/freemarker/2.3.31/freemarker-2.3.31.jar:/Users/rizkafebrila/.m2/repository/io/github/classgraph/classgraph/4.8.138/classgraph-4.8.138.jar:/Users/rizkafebrila/.m2/repository/net/sourceforge/jexcelapi/jxl/2.6.12/jxl-2.6.12.jar:/Users/rizkafebrila/.m2/repository/net/bytebuddy/byte-buddy/1.14.2/byte-buddy-1.14.2.jar:/Users/rizkafebrila/.m2/repository/net/bytebuddy/byte-buddy-agent/1.14.2/byte-buddy-agent-1.14.2.jar:/Users/rizkafebrila/.m2/repository/org/objenesis/objenesis/3.3/objenesis-3.3.jar:/Users/rizkafebrila/.m2/repository/net/serenity-bdd/serenity-reports/3.6.21/serenity-reports-3.6.21.jar:/Users/rizkafebrila/.m2/repository/net/serenity-bdd/serenity-stats/3.6.21/serenity-stats-3.6.21.jar:/Users/rizkafebrila/.m2/repository/org/jetbrains/kotlin/kotlin-stdlib/1.8.10/kotlin-stdlib-1.8.10.jar:/Users/rizkafebrila/.m2/repository/org/jetbrains/kotlin/kotlin-stdlib-common/1.8.10/kotlin-stdlib-common-1.8.10.jar:/Users/rizkafebrila/.m2/repository/org/jetbrains/annotations/13.0/annotations-13.0.jar:/Users/rizkafebrila/.m2/repository/net/serenity-bdd/serenity-reports-configuration/3.6.21/serenity-reports-configuration-3.6.21.jar:/Users/rizkafebrila/.m2/repository/com/vladsch/flexmark/flexmark-all/0.62.2/flexmark-all-0.62.2.jar:/Users/rizkafebrila/.m2/repository/com/vladsch/flexmark/flexmark/0.62.2/flexmark-0.62.2.jar:/Users/rizkafebrila/.m2/repository/com/vladsch/flexmark/flexmark-ext-abbreviation/0.62.2/flexmark-ext-abbreviation-0.62.2.jar:/Users/rizkafebrila/.m2/repository/com/vladsch/flexmark/flexmark-util/0.62.2/flexmark-util-0.62.2.jar:/Users/rizkafebrila/.m2/repository/com/vladsch/flexmark/flexmark-ext-admonition/0.62.2/flexmark-ext-admonition-0.62.2.jar:/Users/rizkafebrila/.m2/repository/com/vladsch/flexmark/flexmark-ext-anchorlink/0.62.2/flexmark-ext-anchorlink-0.62.2.jar:/Users/rizkafebrila/.m2/repository/com/vladsch/flexmark/flexmark-ext-aside/0.62.2/flexmark-ext-aside-0.62.2.jar:/Users/rizkafebrila/.m2/repository/com/vladsch/flexmark/flexmark-ext-attributes/0.62.2/flexmark-ext-attributes-0.62.2.jar:/Users/rizkafebrila/.m2/repository/com/vladsch/flexmark/flexmark-ext-autolink/0.62.2/flexmark-ext-autolink-0.62.2.jar:/Users/rizkafebrila/.m2/repository/org/nibor/autolink/autolink/0.6.0/autolink-0.6.0.jar:/Users/rizkafebrila/.m2/repository/com/vladsch/flexmark/flexmark-ext-definition/0.62.2/flexmark-ext-definition-0.62.2.jar:/Users/rizkafebrila/.m2/repository/com/vladsch/flexmark/flexmark-ext-emoji/0.62.2/flexmark-ext-emoji-0.62.2.jar:/Users/rizkafebrila/.m2/repository/com/vladsch/flexmark/flexmark-ext-enumerated-reference/0.62.2/flexmark-ext-enumerated-reference-0.62.2.jar:/Users/rizkafebrila/.m2/repository/com/vladsch/flexmark/flexmark-ext-escaped-character/0.62.2/flexmark-ext-escaped-character-0.62.2.jar:/Users/rizkafebrila/.m2/repository/com/vladsch/flexmark/flexmark-ext-footnotes/0.62.2/flexmark-ext-footnotes-0.62.2.jar:/Users/rizkafebrila/.m2/repository/com/vladsch/flexmark/flexmark-ext-gfm-issues/0.62.2/flexmark-ext-gfm-issues-0.62.2.jar:/Users/rizkafebrila/.m2/repository/com/vladsch/flexmark/flexmark-ext-gfm-strikethrough/0.62.2/flexmark-ext-gfm-strikethrough-0.62.2.jar:/Users/rizkafebrila/.m2/repository/com/vladsch/flexmark/flexmark-ext-gfm-tasklist/0.62.2/flexmark-ext-gfm-tasklist-0.62.2.jar:/Users/rizkafebrila/.m2/repository/com/vladsch/flexmark/flexmark-ext-gfm-users/0.62.2/flexmark-ext-gfm-users-0.62.2.jar:/Users/rizkafebrila/.m2/repository/com/vladsch/flexmark/flexmark-ext-gitlab/0.62.2/flexmark-ext-gitlab-0.62.2.jar:/Users/rizkafebrila/.m2/repository/com/vladsch/flexmark/flexmark-ext-jekyll-front-matter/0.62.2/flexmark-ext-jekyll-front-matter-0.62.2.jar:/Users/rizkafebrila/.m2/repository/com/vladsch/flexmark/flexmark-ext-jekyll-tag/0.62.2/flexmark-ext-jekyll-tag-0.62.2.jar:/Users/rizkafebrila/.m2/repository/com/vladsch/flexmark/flexmark-ext-media-tags/0.62.2/flexmark-ext-media-tags-0.62.2.jar:/Users/rizkafebrila/.m2/repository/com/vladsch/flexmark/flexmark-ext-macros/0.62.2/flexmark-ext-macros-0.62.2.jar:/Users/rizkafebrila/.m2/repository/com/vladsch/flexmark/flexmark-ext-ins/0.62.2/flexmark-ext-ins-0.62.2.jar:/Users/rizkafebrila/.m2/repository/com/vladsch/flexmark/flexmark-ext-xwiki-macros/0.62.2/flexmark-ext-xwiki-macros-0.62.2.jar:/Users/rizkafebrila/.m2/repository/com/vladsch/flexmark/flexmark-ext-superscript/0.62.2/flexmark-ext-superscript-0.62.2.jar:/Users/rizkafebrila/.m2/repository/com/vladsch/flexmark/flexmark-ext-tables/0.62.2/flexmark-ext-tables-0.62.2.jar:/Users/rizkafebrila/.m2/repository/com/vladsch/flexmark/flexmark-ext-toc/0.62.2/flexmark-ext-toc-0.62.2.jar:/Users/rizkafebrila/.m2/repository/com/vladsch/flexmark/flexmark-ext-typographic/0.62.2/flexmark-ext-typographic-0.62.2.jar:/Users/rizkafebrila/.m2/repository/com/vladsch/flexmark/flexmark-ext-wikilink/0.62.2/flexmark-ext-wikilink-0.62.2.jar:/Users/rizkafebrila/.m2/repository/com/vladsch/flexmark/flexmark-ext-yaml-front-matter/0.62.2/flexmark-ext-yaml-front-matter-0.62.2.jar:/Users/rizkafebrila/.m2/repository/com/vladsch/flexmark/flexmark-ext-youtube-embedded/0.62.2/flexmark-ext-youtube-embedded-0.62.2.jar:/Users/rizkafebrila/.m2/repository/com/vladsch/flexmark/flexmark-html2md-converter/0.62.2/flexmark-html2md-converter-0.62.2.jar:/Users/rizkafebrila/.m2/repository/com/vladsch/flexmark/flexmark-jira-converter/0.62.2/flexmark-jira-converter-0.62.2.jar:/Users/rizkafebrila/.m2/repository/com/vladsch/flexmark/flexmark-pdf-converter/0.62.2/flexmark-pdf-converter-0.62.2.jar:/Users/rizkafebrila/.m2/repository/com/openhtmltopdf/openhtmltopdf-core/1.0.0/openhtmltopdf-core-1.0.0.jar:/Users/rizkafebrila/.m2/repository/com/openhtmltopdf/openhtmltopdf-pdfbox/1.0.0/openhtmltopdf-pdfbox-1.0.0.jar:/Users/rizkafebrila/.m2/repository/org/apache/pdfbox/pdfbox/2.0.16/pdfbox-2.0.16.jar:/Users/rizkafebrila/.m2/repository/org/apache/pdfbox/fontbox/2.0.16/fontbox-2.0.16.jar:/Users/rizkafebrila/.m2/repository/org/apache/pdfbox/xmpbox/2.0.16/xmpbox-2.0.16.jar:/Users/rizkafebrila/.m2/repository/de/rototor/pdfbox/graphics2d/0.24/graphics2d-0.24.jar:/Users/rizkafebrila/.m2/repository/com/openhtmltopdf/openhtmltopdf-rtl-support/1.0.0/openhtmltopdf-rtl-support-1.0.0.jar:/Users/rizkafebrila/.m2/repository/com/openhtmltopdf/openhtmltopdf-jsoup-dom-converter/1.0.0/openhtmltopdf-jsoup-dom-converter-1.0.0.jar:/Users/rizkafebrila/.m2/repository/com/vladsch/flexmark/flexmark-profile-pegdown/0.62.2/flexmark-profile-pegdown-0.62.2.jar:/Users/rizkafebrila/.m2/repository/com/vladsch/flexmark/flexmark-util-ast/0.62.2/flexmark-util-ast-0.62.2.jar:/Users/rizkafebrila/.m2/repository/com/vladsch/flexmark/flexmark-util-builder/0.62.2/flexmark-util-builder-0.62.2.jar:/Users/rizkafebrila/.m2/repository/com/vladsch/flexmark/flexmark-util-collection/0.62.2/flexmark-util-collection-0.62.2.jar:/Users/rizkafebrila/.m2/repository/com/vladsch/flexmark/flexmark-util-data/0.62.2/flexmark-util-data-0.62.2.jar:/Users/rizkafebrila/.m2/repository/com/vladsch/flexmark/flexmark-util-dependency/0.62.2/flexmark-util-dependency-0.62.2.jar:/Users/rizkafebrila/.m2/repository/com/vladsch/flexmark/flexmark-util-format/0.62.2/flexmark-util-format-0.62.2.jar:/Users/rizkafebrila/.m2/repository/com/vladsch/flexmark/flexmark-util-html/0.62.2/flexmark-util-html-0.62.2.jar:/Users/rizkafebrila/.m2/repository/com/vladsch/flexmark/flexmark-util-misc/0.62.2/flexmark-util-misc-0.62.2.jar:/Users/rizkafebrila/.m2/repository/com/vladsch/flexmark/flexmark-util-options/0.62.2/flexmark-util-options-0.62.2.jar:/Users/rizkafebrila/.m2/repository/com/vladsch/flexmark/flexmark-util-sequence/0.62.2/flexmark-util-sequence-0.62.2.jar:/Users/rizkafebrila/.m2/repository/com/vladsch/flexmark/flexmark-util-visitor/0.62.2/flexmark-util-visitor-0.62.2.jar:/Users/rizkafebrila/.m2/repository/com/vladsch/flexmark/flexmark-youtrack-converter/0.62.2/flexmark-youtrack-converter-0.62.2.jar:/Users/rizkafebrila/.m2/repository/com/ibm/icu/icu4j/72.1/icu4j-72.1.jar:/Users/rizkafebrila/.m2/repository/es/nitaur/markdown/txtmark/0.16/txtmark-0.16.jar:/Users/rizkafebrila/.m2/repository/net/serenity-bdd/serenity-report-resources/3.6.21/serenity-report-resources-3.6.21.jar:/Users/rizkafebrila/.m2/repository/com/google/code/gson/gson/2.10.1/gson-2.10.1.jar:/Users/rizkafebrila/.m2/repository/com/fasterxml/jackson/core/jackson-core/2.15.0-rc1/jackson-core-2.15.0-rc1.jar:/Users/rizkafebrila/.m2/repository/com/fasterxml/jackson/core/jackson-databind/2.15.0-rc1/jackson-databind-2.15.0-rc1.jar:/Users/rizkafebrila/.m2/repository/com/fasterxml/jackson/core/jackson-annotations/2.15.0-rc1/jackson-annotations-2.15.0-rc1.jar:/Users/rizkafebrila/.m2/repository/commons-codec/commons-codec/1.15/commons-codec-1.15.jar:/Users/rizkafebrila/.m2/repository/commons-io/commons-io/2.11.0/commons-io-2.11.0.jar:/Users/rizkafebrila/.m2/repository/org/apache/httpcomponents/httpclient/4.5.13/httpclient-4.5.13.jar:/Users/rizkafebrila/.m2/repository/org/apache/httpcomponents/httpcore/4.4.13/httpcore-4.4.13.jar:/Users/rizkafebrila/.m2/repository/commons-logging/commons-logging/1.2/commons-logging-1.2.jar:/Users/rizkafebrila/.m2/repository/org/seleniumhq/selenium/selenium-java/4.8.1/selenium-java-4.8.1.jar:/Users/rizkafebrila/.m2/repository/org/seleniumhq/selenium/selenium-devtools-v108/4.8.1/selenium-devtools-v108-4.8.1.jar:/Users/rizkafebrila/.m2/repository/org/seleniumhq/selenium/selenium-devtools-v109/4.8.1/selenium-devtools-v109-4.8.1.jar:/Users/rizkafebrila/.m2/repository/org/seleniumhq/selenium/selenium-devtools-v110/4.8.1/selenium-devtools-v110-4.8.1.jar:/Users/rizkafebrila/.m2/repository/org/seleniumhq/selenium/selenium-devtools-v85/4.8.1/selenium-devtools-v85-4.8.1.jar:/Users/rizkafebrila/.m2/repository/org/seleniumhq/selenium/selenium-remote-driver/4.8.1/selenium-remote-driver-4.8.1.jar:/Users/rizkafebrila/.m2/repository/com/beust/jcommander/1.82/jcommander-1.82.jar:/Users/rizkafebrila/.m2/repository/io/netty/netty-buffer/4.1.87.Final/netty-buffer-4.1.87.Final.jar:/Users/rizkafebrila/.m2/repository/io/netty/netty-codec-http/4.1.87.Final/netty-codec-http-4.1.87.Final.jar:/Users/rizkafebrila/.m2/repository/io/netty/netty-codec/4.1.87.Final/netty-codec-4.1.87.Final.jar:/Users/rizkafebrila/.m2/repository/io/netty/netty-handler/4.1.87.Final/netty-handler-4.1.87.Final.jar:/Users/rizkafebrila/.m2/repository/io/netty/netty-common/4.1.87.Final/netty-common-4.1.87.Final.jar:/Users/rizkafebrila/.m2/repository/io/netty/netty-transport-classes-epoll/4.1.87.Final/netty-transport-classes-epoll-4.1.87.Final.jar:/Users/rizkafebrila/.m2/repository/io/netty/netty-transport-classes-kqueue/4.1.87.Final/netty-transport-classes-kqueue-4.1.87.Final.jar:/Users/rizkafebrila/.m2/repository/io/netty/netty-transport-native-epoll/4.1.87.Final/netty-transport-native-epoll-4.1.87.Final.jar:/Users/rizkafebrila/.m2/repository/io/netty/netty-transport-native-kqueue/4.1.87.Final/netty-transport-native-kqueue-4.1.87.Final.jar:/Users/rizkafebrila/.m2/repository/io/netty/netty-transport-native-unix-common/4.1.87.Final/netty-transport-native-unix-common-4.1.87.Final.jar:/Users/rizkafebrila/.m2/repository/io/netty/netty-transport/4.1.87.Final/netty-transport-4.1.87.Final.jar:/Users/rizkafebrila/.m2/repository/io/netty/netty-resolver/4.1.87.Final/netty-resolver-4.1.87.Final.jar:/Users/rizkafebrila/.m2/repository/io/opentelemetry/opentelemetry-api/1.22.0/opentelemetry-api-1.22.0.jar:/Users/rizkafebrila/.m2/repository/io/opentelemetry/opentelemetry-context/1.22.0/opentelemetry-context-1.22.0.jar:/Users/rizkafebrila/.m2/repository/io/opentelemetry/opentelemetry-exporter-logging/1.22.0/opentelemetry-exporter-logging-1.22.0.jar:/Users/rizkafebrila/.m2/repository/io/opentelemetry/opentelemetry-sdk-metrics/1.22.0/opentelemetry-sdk-metrics-1.22.0.jar:/Users/rizkafebrila/.m2/repository/io/opentelemetry/opentelemetry-sdk-logs/1.22.0-alpha/opentelemetry-sdk-logs-1.22.0-alpha.jar:/Users/rizkafebrila/.m2/repository/io/opentelemetry/opentelemetry-api-logs/1.22.0-alpha/opentelemetry-api-logs-1.22.0-alpha.jar:/Users/rizkafebrila/.m2/repository/io/opentelemetry/opentelemetry-sdk-common/1.22.0/opentelemetry-sdk-common-1.22.0.jar:/Users/rizkafebrila/.m2/repository/io/opentelemetry/opentelemetry-sdk-extension-autoconfigure-spi/1.22.0/opentelemetry-sdk-extension-autoconfigure-spi-1.22.0.jar:/Users/rizkafebrila/.m2/repository/io/opentelemetry/opentelemetry-sdk-extension-autoconfigure/1.22.0-alpha/opentelemetry-sdk-extension-autoconfigure-1.22.0-alpha.jar:/Users/rizkafebrila/.m2/repository/io/opentelemetry/opentelemetry-sdk-trace/1.22.0/opentelemetry-sdk-trace-1.22.0.jar:/Users/rizkafebrila/.m2/repository/io/opentelemetry/opentelemetry-sdk/1.22.0/opentelemetry-sdk-1.22.0.jar:/Users/rizkafebrila/.m2/repository/io/opentelemetry/opentelemetry-semconv/1.22.0-alpha/opentelemetry-semconv-1.22.0-alpha.jar:/Users/rizkafebrila/.m2/repository/io/ous/jtoml/2.0.0/jtoml-2.0.0.jar:/Users/rizkafebrila/.m2/repository/org/apache/commons/commons-exec/1.3/commons-exec-1.3.jar:/Users/rizkafebrila/.m2/repository/org/asynchttpclient/async-http-client/2.12.3/async-http-client-2.12.3.jar:/Users/rizkafebrila/.m2/repository/org/asynchttpclient/async-http-client-netty-utils/2.12.3/async-http-client-netty-utils-2.12.3.jar:/Users/rizkafebrila/.m2/repository/io/netty/netty-codec-socks/4.1.60.Final/netty-codec-socks-4.1.60.Final.jar:/Users/rizkafebrila/.m2/repository/io/netty/netty-handler-proxy/4.1.60.Final/netty-handler-proxy-4.1.60.Final.jar:/Users/rizkafebrila/.m2/repository/io/netty/netty-transport-native-epoll/4.1.60.Final/netty-transport-native-epoll-4.1.60.Final-linux-x86_64.jar:/Users/rizkafebrila/.m2/repository/io/netty/netty-transport-native-kqueue/4.1.60.Final/netty-transport-native-kqueue-4.1.60.Final-osx-x86_64.jar:/Users/rizkafebrila/.m2/repository/org/reactivestreams/reactive-streams/1.0.3/reactive-streams-1.0.3.jar:/Users/rizkafebrila/.m2/repository/com/typesafe/netty/netty-reactive-streams/2.0.4/netty-reactive-streams-2.0.4.jar:/Users/rizkafebrila/.m2/repository/org/seleniumhq/selenium/selenium-manager/4.8.1/selenium-manager-4.8.1.jar:/Users/rizkafebrila/.m2/repository/org/seleniumhq/selenium/selenium-safari-driver/4.8.1/selenium-safari-driver-4.8.1.jar:/Users/rizkafebrila/.m2/repository/org/seleniumhq/selenium/selenium-api/4.8.1/selenium-api-4.8.1.jar:/Users/rizkafebrila/.m2/repository/org/seleniumhq/selenium/selenium-support/4.8.1/selenium-support-4.8.1.jar:/Users/rizkafebrila/.m2/repository/com/google/auto/service/auto-service-annotations/1.0.1/auto-service-annotations-1.0.1.jar:/Users/rizkafebrila/.m2/repository/com/google/auto/service/auto-service/1.0.1/auto-service-1.0.1.jar:/Users/rizkafebrila/.m2/repository/com/google/auto/auto-common/1.2/auto-common-1.2.jar:/Users/rizkafebrila/.m2/repository/org/seleniumhq/selenium/selenium-json/4.8.1/selenium-json-4.8.1.jar:/Users/rizkafebrila/.m2/repository/org/seleniumhq/selenium/selenium-chrome-driver/4.8.1/selenium-chrome-driver-4.8.1.jar:/Users/rizkafebrila/.m2/repository/org/seleniumhq/selenium/selenium-chromium-driver/4.8.1/selenium-chromium-driver-4.8.1.jar:/Users/rizkafebrila/.m2/repository/org/seleniumhq/selenium/selenium-firefox-driver/4.8.1/selenium-firefox-driver-4.8.1.jar:/Users/rizkafebrila/.m2/repository/org/seleniumhq/selenium/selenium-http/4.8.1/selenium-http-4.8.1.jar:/Users/rizkafebrila/.m2/repository/dev/failsafe/failsafe/3.3.0/failsafe-3.3.0.jar:/Users/rizkafebrila/.m2/repository/org/seleniumhq/selenium/selenium-edge-driver/4.8.1/selenium-edge-driver-4.8.1.jar:/Users/rizkafebrila/.m2/repository/org/seleniumhq/selenium/selenium-ie-driver/4.8.1/selenium-ie-driver-4.8.1.jar:/Users/rizkafebrila/.m2/repository/org/projectlombok/lombok/1.18.20/lombok-1.18.20.jar:/Users/rizkafebrila/.m2/repository/io/appium/java-client/8.3.0/java-client-8.3.0.jar:/Users/rizkafebrila/.m2/repository/commons-validator/commons-validator/1.7/commons-validator-1.7.jar:/Users/rizkafebrila/.m2/repository/commons-digester/commons-digester/2.1/commons-digester-2.1.jar:/Users/rizkafebrila/.m2/repository/org/apache/groovy/groovy/4.0.10/groovy-4.0.10.jar:/Users/rizkafebrila/.m2/repository/net/sf/opencsv/opencsv/2.0/opencsv-2.0.jar:/Users/rizkafebrila/.m2/repository/commons-beanutils/commons-beanutils/1.9.4/commons-beanutils-1.9.4.jar:/Users/rizkafebrila/.m2/repository/org/apache/commons/commons-lang3/3.12.0/commons-lang3-3.12.0.jar:/Users/rizkafebrila/.m2/repository/commons-collections/commons-collections/3.2.2/commons-collections-3.2.2.jar:/Users/rizkafebrila/.m2/repository/org/fluentlenium/fluentlenium-core/0.10.2/fluentlenium-core-0.10.2.jar:/Users/rizkafebrila/.m2/repository/io/github/bonigarcia/webdrivermanager/5.3.0/webdrivermanager-5.3.0.jar:/Users/rizkafebrila/.m2/repository/com/github/docker-java/docker-java/3.2.13/docker-java-3.2.13.jar:/Users/rizkafebrila/.m2/repository/com/github/docker-java/docker-java-core/3.2.13/docker-java-core-3.2.13.jar:/Users/rizkafebrila/.m2/repository/com/github/docker-java/docker-java-api/3.2.13/docker-java-api-3.2.13.jar:/Users/rizkafebrila/.m2/repository/org/apache/commons/commons-compress/1.21/commons-compress-1.21.jar:/Users/rizkafebrila/.m2/repository/org/bouncycastle/bcpkix-jdk15on/1.64/bcpkix-jdk15on-1.64.jar:/Users/rizkafebrila/.m2/repository/org/bouncycastle/bcprov-jdk15on/1.64/bcprov-jdk15on-1.64.jar:/Users/rizkafebrila/.m2/repository/org/slf4j/jcl-over-slf4j/1.7.30/jcl-over-slf4j-1.7.30.jar:/Users/rizkafebrila/.m2/repository/com/github/docker-java/docker-java-transport-httpclient5/3.2.13/docker-java-transport-httpclient5-3.2.13.jar:/Users/rizkafebrila/.m2/repository/com/github/docker-java/docker-java-transport/3.2.13/docker-java-transport-3.2.13.jar:/Users/rizkafebrila/.m2/repository/net/java/dev/jna/jna/5.8.0/jna-5.8.0.jar:/Users/rizkafebrila/.m2/repository/org/brotli/dec/0.1.2/dec-0.1.2.jar:/Users/rizkafebrila/.m2/repository/org/apache/httpcomponents/client5/httpclient5/5.1.3/httpclient5-5.1.3.jar:/Users/rizkafebrila/.m2/repository/org/apache/httpcomponents/core5/httpcore5/5.1.3/httpcore5-5.1.3.jar:/Users/rizkafebrila/.m2/repository/org/apache/httpcomponents/core5/httpcore5-h2/5.1.3/httpcore5-h2-5.1.3.jar:/Users/rizkafebrila/.m2/repository/com/jhlabs/filters/2.0.235/filters-2.0.235.jar:/Users/rizkafebrila/.m2/repository/com/paulhammant/ngwebdriver/1.1.6/ngwebdriver-1.1.6.jar:/Users/rizkafebrila/.m2/repository/joda-time/joda-time/2.12.2/joda-time-2.12.2.jar:/Users/rizkafebrila/.m2/repository/org/hamcrest/hamcrest/2.2/hamcrest-2.2.jar:/Users/rizkafebrila/.m2/repository/com/google/jimfs/jimfs/1.2/jimfs-1.2.jar:/Users/rizkafebrila/.m2/repository/org/mockito/mockito-core/3.3.3/mockito-core-3.3.3.jar:/Users/rizkafebrila/.m2/repository/org/assertj/assertj-core/3.24.2/assertj-core-3.24.2.jar:/Users/rizkafebrila/.m2/repository/javax/xml/bind/jaxb-api/2.3.1/jaxb-api-2.3.1.jar:/Users/rizkafebrila/.m2/repository/javax/activation/javax.activation-api/1.2.0/javax.activation-api-1.2.0.jar:/Users/rizkafebrila/.m2/repository/com/sun/xml/bind/jaxb-core/2.3.0.1/jaxb-core-2.3.0.1.jar:/Users/rizkafebrila/.m2/repository/com/sun/xml/bind/jaxb-impl/2.3.3/jaxb-impl-2.3.3.jar:/Users/rizkafebrila/.m2/repository/jakarta/xml/bind/jakarta.xml.bind-api/2.3.3/jakarta.xml.bind-api-2.3.3.jar:/Users/rizkafebrila/.m2/repository/com/sun/activation/jakarta.activation/1.2.2/jakarta.activation-1.2.2.jar:/Users/rizkafebrila/.m2/repository/javax/activation/activation/1.1.1/activation-1.1.1.jar:/Users/rizkafebrila/.m2/repository/net/serenity-bdd/serenity-cucumber/3.6.21/serenity-cucumber-3.6.21.jar:/Users/rizkafebrila/.m2/repository/net/serenity-bdd/serenity-screenplay/3.6.21/serenity-screenplay-3.6.21.jar:/Users/rizkafebrila/.m2/repository/net/serenity-bdd/serenity-screenplay-webdriver/3.6.21/serenity-screenplay-webdriver-3.6.21.jar:/Users/rizkafebrila/.m2/repository/io/cucumber/cucumber-core/7.11.0/cucumber-core-7.11.0.jar:/Users/rizkafebrila/.m2/repository/io/cucumber/cucumber-gherkin/7.11.0/cucumber-gherkin-7.11.0.jar:/Users/rizkafebrila/.m2/repository/io/cucumber/cucumber-gherkin-messages/7.11.0/cucumber-gherkin-messages-7.11.0.jar:/Users/rizkafebrila/.m2/repository/io/cucumber/gherkin/26.0.3/gherkin-26.0.3.jar:/Users/rizkafebrila/.m2/repository/io/cucumber/messages/21.0.1/messages-21.0.1.jar:/Users/rizkafebrila/.m2/repository/io/cucumber/tag-expressions/5.0.1/tag-expressions-5.0.1.jar:/Users/rizkafebrila/.m2/repository/io/cucumber/cucumber-expressions/16.1.1/cucumber-expressions-16.1.1.jar:/Users/rizkafebrila/.m2/repository/io/cucumber/datatable/7.11.0/datatable-7.11.0.jar:/Users/rizkafebrila/.m2/repository/io/cucumber/cucumber-plugin/7.11.0/cucumber-plugin-7.11.0.jar:/Users/rizkafebrila/.m2/repository/io/cucumber/docstring/7.11.0/docstring-7.11.0.jar:/Users/rizkafebrila/.m2/repository/io/cucumber/html-formatter/20.2.1/html-formatter-20.2.1.jar:/Users/rizkafebrila/.m2/repository/io/cucumber/junit-xml-formatter/0.1.0/junit-xml-formatter-0.1.0.jar:/Users/rizkafebrila/.m2/repository/io/cucumber/ci-environment/9.1.0/ci-environment-9.1.0.jar:/Users/rizkafebrila/.m2/repository/org/apache/commons/commons-csv/1.5/commons-csv-1.5.jar:/Users/rizkafebrila/.m2/repository/net/serenity-bdd/serenity-junit/3.6.21/serenity-junit-3.6.21.jar:/Users/rizkafebrila/.m2/repository/io/cucumber/cucumber-java/7.11.1/cucumber-java-7.11.1.jar:/Users/rizkafebrila/.m2/repository/org/apiguardian/apiguardian-api/1.1.2/apiguardian-api-1.1.2.jar:/Users/rizkafebrila/.m2/repository/io/cucumber/cucumber-junit/7.11.1/cucumber-junit-7.11.1.jar:/Users/rizkafebrila/.m2/repository/junit/junit/4.13.2/junit-4.13.2.jar:/Users/rizkafebrila/.m2/repository/org/hamcrest/hamcrest-core/1.3/hamcrest-core-1.3.jar:/Users/rizkafebrila/.m2/repository/io/rest-assured/rest-assured/5.3.0/rest-assured-5.3.0.jar:/Users/rizkafebrila/.m2/repository/org/apache/groovy/groovy-xml/4.0.6/groovy-xml-4.0.6.jar:/Users/rizkafebrila/.m2/repository/org/apache/httpcomponents/httpmime/4.5.13/httpmime-4.5.13.jar:/Users/rizkafebrila/.m2/repository/org/ccil/cowan/tagsoup/tagsoup/1.2.1/tagsoup-1.2.1.jar:/Users/rizkafebrila/.m2/repository/org/json/json/20210307/json-20210307.jar:/Users/rizkafebrila/.m2/repository/io/rest-assured/json-path/5.3.0/json-path-5.3.0.jar:/Users/rizkafebrila/.m2/repository/org/apache/groovy/groovy-json/4.0.6/groovy-json-4.0.6.jar:/Users/rizkafebrila/.m2/repository/io/rest-assured/rest-assured-common/5.3.0/rest-assured-common-5.3.0.jar:/Users/rizkafebrila/.m2/repository/io/rest-assured/xml-path/5.3.0/xml-path-5.3.0.jar:/Users/rizkafebrila/.m2/repository/org/slf4j/slf4j-api/1.7.36/slf4j-api-1.7.36.jar:"/>
    <property name="sun.cpu.endian" value="little"/>
    <property name="user.home" value="/Users/rizkafebrila"/>
    <property name="user.language" value="en"/>
    <property name="java.specification.vendor" value="Oracle Corporation"/>
    <property name="java.version.date" value="2022-07-19"/>
    <property name="java.home" value="/Users/rizkafebrila/.sdkman/candidates/java/17.0.4-tem"/>
    <property name="file.separator" value="/"/>
    <property name="basedir" value="/Users/rizkafebrila/Workspace/api_rest_assured"/>
    <property name="java.vm.compressedOopsMode" value="Zero based"/>
    <property name="line.separator" value="&#10;"/>
    <property name="java.vm.specification.vendor" value="Oracle Corporation"/>
    <property name="java.specification.name" value="Java Platform API Specification"/>
    <property name="surefire.real.class.path" value="/Users/rizkafebrila/Workspace/api_rest_assured/target/surefire/surefirebooter-20250208202820359_3.jar"/>
    <property name="sun.management.compiler" value="HotSpot 64-Bit Tiered Compilers"/>
    <property name="ftp.nonProxyHosts" value="local|*.local|169.254/16|*.169.254/16"/>
    <property name="java.runtime.version" value="17.0.4+8"/>
    <property name="user.name" value="rizkafebrila"/>
    <property name="path.separator" value=":"/>
    <property name="os.version" value="15.3"/>
    <property name="java.runtime.name" value="OpenJDK Runtime Environment"/>
    <property name="file.encoding" value="UTF-8"/>
    <property name="java.vm.name" value="OpenJDK 64-Bit Server VM"/>
    <property name="java.vendor.version" value="Temurin-17.0.4+8"/>
    <property name="localRepository" value="/Users/rizkafebrila/.m2/repository"/>
    <property name="java.vendor.url.bug" value="https://github.com/adoptium/adoptium-support/issues"/>
    <property name="java.io.tmpdir" value="/var/folders/nk/3shgtc352s98_g5sd3ky6jsw0000gn/T/"/>
    <property name="java.version" value="17.0.4"/>
    <property name="cucumber.filter.tags" value="@allcases"/>
    <property name="user.dir" value="/Users/rizkafebrila/Workspace/api_rest_assured"/>
    <property name="os.arch" value="x86_64"/>
    <property name="java.vm.specification.name" value="Java Virtual Machine Specification"/>
    <property name="native.encoding" value="UTF-8"/>
    <property name="java.library.path" value="/Users/rizkafebrila/Library/Java/Extensions:/Library/Java/Extensions:/Network/Library/Java/Extensions:/System/Library/Java/Extensions:/usr/lib/java:."/>
    <property name="java.vm.info" value="mixed mode, sharing"/>
    <property name="java.vendor" value="Eclipse Adoptium"/>
    <property name="java.vm.version" value="17.0.4+8"/>
    <property name="sun.io.unicode.encoding" value="UnicodeBig"/>
    <property name="socksNonProxyHosts" value="local|*.local|169.254/16|*.169.254/16"/>
    <property name="java.class.version" value="61.0"/>
  </properties>
  <testcase name="Create a pet with valid pet id #1" classname="CRUD pet" time="5.274">
    <system-out><![CDATA[
@allcases @positivecase
Scenario Outline: Create a pet with valid pet id                                                # src/test/resources/features/api_tests.feature:13
  Given the pet store API is available                                                          # steps.PetStoreSteps.the_pet_store_API_is_available()
  When I send a "POST" request to create a pet with name "Rocky", status "sold", and pet ID "2" # steps.PetStoreSteps.i_send_a_POST_request_to_create_a_pet(java.lang.String,java.lang.String,java.lang.String,java.lang.String)
  Then the response status code should be 200                                                   # steps.PetStoreSteps.the_response_status_code_should_be(int)
  And the response should contain pet name "Rocky" and status "sold"                            # steps.PetStoreSteps.the_response_should_contain_pet_name_and_status(java.lang.String,java.lang.String)
]]></system-out>
    <system-err><![CDATA[SLF4J: Failed to load class "org.slf4j.impl.StaticLoggerBinder".
SLF4J: Defaulting to no-operation (NOP) logger implementation
SLF4J: See http://www.slf4j.org/codes.html#StaticLoggerBinder for further details.
]]></system-err>
  </testcase>
  <testcase name="Create a pet with valid pet id #2" classname="CRUD pet" time="2.006">
    <system-out><![CDATA[
@allcases @positivecase
Scenario Outline: Create a pet with valid pet id                                                  # src/test/resources/features/api_tests.feature:14
  Given the pet store API is available                                                            # steps.PetStoreSteps.the_pet_store_API_is_available()
  When I send a "POST" request to create a pet with name "Jane", status "pending", and pet ID "5" # steps.PetStoreSteps.i_send_a_POST_request_to_create_a_pet(java.lang.String,java.lang.String,java.lang.String,java.lang.String)
  Then the response status code should be 200                                                     # steps.PetStoreSteps.the_response_status_code_should_be(int)
  And the response should contain pet name "Jane" and status "pending"                            # steps.PetStoreSteps.the_response_should_contain_pet_name_and_status(java.lang.String,java.lang.String)
]]></system-out>
  </testcase>
  <testcase name="Create a pet with valid pet id #3" classname="CRUD pet" time="1.604">
    <system-out><![CDATA[
@allcases @positivecase
Scenario Outline: Create a pet with valid pet id                                                       # src/test/resources/features/api_tests.feature:15
  Given the pet store API is available                                                                 # steps.PetStoreSteps.the_pet_store_API_is_available()
  When I send a "POST" request to create a pet with name "George", status "available", and pet ID "10" # steps.PetStoreSteps.i_send_a_POST_request_to_create_a_pet(java.lang.String,java.lang.String,java.lang.String,java.lang.String)
  Then the response status code should be 200                                                          # steps.PetStoreSteps.the_response_status_code_should_be(int)
  And the response should contain pet name "George" and status "available"                             # steps.PetStoreSteps.the_response_should_contain_pet_name_and_status(java.lang.String,java.lang.String)
]]></system-out>
  </testcase>
  <testcase name="Create a pet with invalid pet id" classname="CRUD pet" time="1.329">
    <system-out><![CDATA[
@allcases @negativecase
Scenario: Create a pet with invalid pet id                                                                       # src/test/resources/features/api_tests.feature:18
  Given the pet store API is available                                                                           # steps.PetStoreSteps.the_pet_store_API_is_available()
  When I send a "POST" request to create a pet with name "George", status "available", and pet ID "invalid_data" # steps.PetStoreSteps.i_send_a_POST_request_to_create_a_pet(java.lang.String,java.lang.String,java.lang.String,java.lang.String)
  Then the response status code should be 500                                                                    # steps.PetStoreSteps.the_response_status_code_should_be(int)
]]></system-out>
  </testcase>
  <testcase name="Update pet name" classname="CRUD pet" time="1.627">
    <system-out><![CDATA[
@allcases @positivecase
Scenario: Update pet name                                                                          # src/test/resources/features/api_tests.feature:24
  Given the pet store API is available                                                             # steps.PetStoreSteps.the_pet_store_API_is_available()
  When I send a "PUT" request to create a pet with name "Tarzan", status "pending", and pet ID "5" # steps.PetStoreSteps.i_send_a_POST_request_to_create_a_pet(java.lang.String,java.lang.String,java.lang.String,java.lang.String)
  Then the response status code should be 200                                                      # steps.PetStoreSteps.the_response_status_code_should_be(int)
  And the response should contain pet name "Tarzan" and status "pending"                           # steps.PetStoreSteps.the_response_should_contain_pet_name_and_status(java.lang.String,java.lang.String)
]]></system-out>
  </testcase>
  <testcase name="Update pet id with null value #1" classname="CRUD pet" time="1.411">
    <system-out><![CDATA[
@allcases @negativecase
Scenario: Update pet id with null value                                                             # src/test/resources/features/api_tests.feature:37
  Given the pet store API is available                                                              # steps.PetStoreSteps.the_pet_store_API_is_available()
  When I send a "PUT" request to create a pet with name "George", status "pending", and pet ID "{}" # steps.PetStoreSteps.i_send_a_POST_request_to_create_a_pet(java.lang.String,java.lang.String,java.lang.String,java.lang.String)
  Then the response status code should be 500                                                       # steps.PetStoreSteps.the_response_status_code_should_be(int)
]]></system-out>
  </testcase>
  <testcase name="Update pet id with null value #2" classname="CRUD pet" time="1.443">
    <system-out><![CDATA[
@allcases @negativecase
Scenario: Update pet id with null value                                                             # src/test/resources/features/api_tests.feature:38
  Given the pet store API is available                                                              # steps.PetStoreSteps.the_pet_store_API_is_available()
  When I send a "PUT" request to create a pet with name "George", status "pending", and pet ID "*&" # steps.PetStoreSteps.i_send_a_POST_request_to_create_a_pet(java.lang.String,java.lang.String,java.lang.String,java.lang.String)
  Then the response status code should be 500                                                       # steps.PetStoreSteps.the_response_status_code_should_be(int)
]]></system-out>
  </testcase>
  <testcase name="Successfully upload an image for a pet" classname="CRUD pet" time="2.275">
    <system-out><![CDATA[
@allcases @positivecase
Scenario: Successfully upload an image for a pet                       # src/test/resources/features/api_tests.feature:42
  Given the pet store API is available                                 # steps.PetStoreSteps.the_pet_store_API_is_available()
  When I upload an image "cat.jpeg" for pet ID 10 with metadata "test" # steps.PetStoreSteps.i_upload_an_image_for_pet_with_metadata(java.lang.String,int,java.lang.String)
  Then the response status code should be 200                          # steps.PetStoreSteps.the_response_status_code_should_be(int)
  And the response should contains message "uploaded"                  # steps.PetStoreSteps.the_response_should_contain_message(java.lang.String)
]]></system-out>
  </testcase>
  <testcase name="Upload a non-existing file" classname="CRUD pet" time="1.346">
    <system-out><![CDATA[
@allcases @negativecase
Scenario: Upload a non-existing file                                                 # src/test/resources/features/api_tests.feature:49
  Given the pet store API is available                                               # steps.PetStoreSteps.the_pet_store_API_is_available()
 File not found: /Users/rizkafebrila/Workspace/api_rest_assured/src/test/resources/images/non_existing_file.jpeg
  When I upload an image "non_existing_file.jpeg" for pet ID 10 with metadata "test" # steps.PetStoreSteps.i_upload_an_image_for_pet_with_metadata(java.lang.String,int,java.lang.String)
  Then the response status code should be 500                                        # steps.PetStoreSteps.the_response_status_code_should_be(int)
]]></system-out>
  </testcase>
  <testcase name="Get pet by ID" classname="CRUD pet" time="1.532">
    <system-out><![CDATA[
@allcases @positivecase
Scenario: Get pet by ID                       # src/test/resources/features/api_tests.feature:55
  Given the pet store API is available        # steps.PetStoreSteps.the_pet_store_API_is_available()
  When I retrieve pet details for pet ID 10   # steps.PetStoreSteps.i_retrieve_pet_details_for_pet_ID(int)
  Then the response status code should be 200 # steps.PetStoreSteps.the_response_status_code_should_be(int)
  And the response should contain pet ID 10   # steps.PetStoreSteps.the_response_should_contain_pet_ID(int)
]]></system-out>
  </testcase>
  <testcase name="Get pet by invalid ID" classname="CRUD pet" time="1.526">
    <system-out><![CDATA[
@allcases @negativecase
Scenario: Get pet by invalid ID                            # src/test/resources/features/api_tests.feature:62
  Given the pet store API is available                     # steps.PetStoreSteps.the_pet_store_API_is_available()
  When I retrieve pet details for pet ID 0                 # steps.PetStoreSteps.i_retrieve_pet_details_for_pet_ID(int)
  Then the response status code should be 404              # steps.PetStoreSteps.the_response_status_code_should_be(int)
  And the response should contains message "Pet not found" # steps.PetStoreSteps.the_response_should_contain_message(java.lang.String)
]]></system-out>
  </testcase>
  <testcase name="Get pets by status #1" classname="CRUD pet" time="1.908">
    <system-out><![CDATA[
@allcases @positivecase
Scenario Outline: Get pets by status           # src/test/resources/features/api_tests.feature:76
  Given the pet store API is available         # steps.PetStoreSteps.the_pet_store_API_is_available()
  When I retrieve pets with status "available" # steps.PetStoreSteps.i_retrieve_pets_with_status(java.lang.String)
  Then the response status code should be 200  # steps.PetStoreSteps.the_response_status_code_should_be(int)
]]></system-out>
  </testcase>
  <testcase name="Get pets by status #2" classname="CRUD pet" time="1.542">
    <system-out><![CDATA[
@allcases @positivecase
Scenario Outline: Get pets by status          # src/test/resources/features/api_tests.feature:77
  Given the pet store API is available        # steps.PetStoreSteps.the_pet_store_API_is_available()
  When I retrieve pets with status "pending"  # steps.PetStoreSteps.i_retrieve_pets_with_status(java.lang.String)
  Then the response status code should be 200 # steps.PetStoreSteps.the_response_status_code_should_be(int)
]]></system-out>
  </testcase>
  <testcase name="Get pets by status #3" classname="CRUD pet" time="1.313">
    <system-out><![CDATA[
@allcases @positivecase
Scenario Outline: Get pets by status          # src/test/resources/features/api_tests.feature:78
  Given the pet store API is available        # steps.PetStoreSteps.the_pet_store_API_is_available()
  When I retrieve pets with status "sold"     # steps.PetStoreSteps.i_retrieve_pets_with_status(java.lang.String)
  Then the response status code should be 200 # steps.PetStoreSteps.the_response_status_code_should_be(int)
]]></system-out>
  </testcase>
  <testcase name="Update pet name and status by invalid ID" classname="CRUD pet" time="1.514">
    <system-out><![CDATA[
@allcases @negativecase
Scenario Outline: Update pet name and status by invalid ID                # src/test/resources/features/api_tests.feature:81
  Given the pet store API is available                                    # steps.PetStoreSteps.the_pet_store_API_is_available()
Saved Pet ID: not found
  When I update the pet with ID "0" to name "John Doe" and status "other" # steps.PetStoreSteps.i_update_the_pet_with_id_to_name_and_status(java.lang.String,java.lang.String,java.lang.String)
  Then the response status code should be 404                             # steps.PetStoreSteps.the_response_status_code_should_be(int)
]]></system-out>
  </testcase>
  <testcase name="Update pet name and status by ID #1" classname="CRUD pet" time="1.258">
    <system-out><![CDATA[
@allcases @positivecase
Scenario Outline: Update pet name and status by ID                    # src/test/resources/features/api_tests.feature:94
  Given the pet store API is available                                # steps.PetStoreSteps.the_pet_store_API_is_available()
Saved Pet ID: 2
  When I update the pet with ID "2" to name "Rocky" and status "sold" # steps.PetStoreSteps.i_update_the_pet_with_id_to_name_and_status(java.lang.String,java.lang.String,java.lang.String)
  Then the response status code should be 200                         # steps.PetStoreSteps.the_response_status_code_should_be(int)
]]></system-out>
  </testcase>
  <testcase name="Update pet name and status by ID #2" classname="CRUD pet" time="1.452">
    <system-out><![CDATA[
@allcases @positivecase
Scenario Outline: Update pet name and status by ID                      # src/test/resources/features/api_tests.feature:95
  Given the pet store API is available                                  # steps.PetStoreSteps.the_pet_store_API_is_available()
Saved Pet ID: 5
  When I update the pet with ID "5" to name "Jane" and status "pending" # steps.PetStoreSteps.i_update_the_pet_with_id_to_name_and_status(java.lang.String,java.lang.String,java.lang.String)
  Then the response status code should be 200                           # steps.PetStoreSteps.the_response_status_code_should_be(int)
]]></system-out>
  </testcase>
  <testcase name="Update pet name and status by ID #3" classname="CRUD pet" time="1.28">
    <system-out><![CDATA[
@allcases @positivecase
Scenario Outline: Update pet name and status by ID                          # src/test/resources/features/api_tests.feature:96
  Given the pet store API is available                                      # steps.PetStoreSteps.the_pet_store_API_is_available()
Saved Pet ID: 10
  When I update the pet with ID "10" to name "Pimpi" and status "available" # steps.PetStoreSteps.i_update_the_pet_with_id_to_name_and_status(java.lang.String,java.lang.String,java.lang.String)
  Then the response status code should be 200                               # steps.PetStoreSteps.the_response_status_code_should_be(int)
]]></system-out>
  </testcase>
  <testcase name="Delete the pet using ID #1" classname="CRUD pet" time="1.484">
    <system-out><![CDATA[
@allcases @positivecase @negativecase @positivecase
Scenario Outline: Delete the pet using ID     # src/test/resources/features/api_tests.feature:108
  Given the pet store API is available        # steps.PetStoreSteps.the_pet_store_API_is_available()
 Successfully deleted pet with ID: 10
  When I delete the pet by ID "10"            # steps.PetStoreSteps.i_delete_the_pet_using_the_saved_ID(java.lang.String)
  Then the response status code should be 200 # steps.PetStoreSteps.the_response_status_code_should_be(int)
]]></system-out>
  </testcase>
  <testcase name="Delete the pet using ID #2" classname="CRUD pet" time="1.53">
    <system-out><![CDATA[
@allcases @positivecase @negativecase @negativecase
Scenario Outline: Delete the pet using ID     # src/test/resources/features/api_tests.feature:113
  Given the pet store API is available        # steps.PetStoreSteps.the_pet_store_API_is_available()
 Successfully deleted pet with ID: 10
  When I delete the pet by ID "10"            # steps.PetStoreSteps.i_delete_the_pet_using_the_saved_ID(java.lang.String)
  Then the response status code should be 404 # steps.PetStoreSteps.the_response_status_code_should_be(int)
]]></system-out>
  </testcase>
</testsuite>